SF:lib\core\services\db\tables\accounting_tables.dart
DA:10,17
DA:11,17
DA:12,17
DA:13,17
DA:14,17
DA:15,17
DA:16,17
DA:18,17
DA:19,17
DA:20,17
DA:21,17
DA:22,17
DA:26,17
DA:27,17
DA:53,17
DA:56,17
DA:57,17
DA:59,17
DA:61,17
DA:63,17
DA:64,85
DA:65,17
DA:66,17
DA:69,17
DA:70,17
DA:73,34
DA:75,17
DA:80,17
DA:81,17
DA:88,17
DA:95,17
DA:102,17
DA:109,17
DA:116,17
DA:123,17
DA:132,17
DA:133,17
DA:151,17
DA:154,17
DA:155,17
DA:157,17
DA:159,17
DA:161,17
DA:163,17
DA:165,17
DA:168,17
DA:173,17
DA:174,17
DA:192,17
DA:195,17
DA:196,17
DA:198,17
DA:200,17
DA:202,17
DA:204,17
DA:206,17
DA:211,17
DA:212,17
DA:225,17
DA:226,17
DA:242,17
DA:243,17
DA:252,1
DA:253,1
DA:254,0
DA:255,0
DA:256,0
DA:259,1
DA:260,0
DA:261,0
DA:264,1
DA:265,1
DA:268,1
DA:269,1
DA:272,1
DA:273,1
DA:274,1
DA:276,1
DA:282,1
DA:289,1
DA:296,1
DA:303,1
DA:310,1
DA:317,1
DA:325,0
DA:326,0
DA:327,0
DA:329,0
DA:338,17
DA:339,17
DA:340,17
DA:342,17
DA:344,17
DA:346,17
DA:348,17
DA:351,0
DA:355,0
DA:356,0
DA:357,0
DA:358,0
DA:360,0
DA:361,0
DA:362,0
DA:365,0
DA:369,17
DA:372,17
DA:380,17
DA:386,17
DA:392,17
DA:398,17
DA:404,17
DA:412,17
DA:421,17
DA:435,17
DA:459,17
DA:476,17
DA:486,17
DA:499,17
DA:502,17
DA:513,17
DA:523,17
DA:577,17
DA:586,17
DA:597,17
DA:632,17
DA:669,17
DA:690,17
DA:699,17
DA:712,0
DA:714,0
DA:716,0
DA:718,0
DA:720,0
DA:722,0
DA:729,18
DA:733,18
DA:736,18
DA:738,18
DA:741,17
DA:744,17
DA:750,17
DA:756,17
DA:762,17
DA:769,17
DA:775,17
DA:776,1
DA:796,17
DA:815,17
DA:834,17
DA:848,17
DA:852,17
DA:856,17
DA:860,17
DA:865,17
DA:872,17
DA:879,17
DA:886,17
DA:896,17
DA:897,17
DA:898,17
DA:904,17
DA:910,17
DA:916,17
DA:922,17
DA:928,17
DA:934,17
DA:940,17
DA:946,17
DA:952,17
DA:958,17
DA:964,17
DA:970,17
DA:976,17
DA:982,17
DA:988,17
DA:994,17
DA:1000,17
DA:1008,34
DA:1009,17
DA:1013,17
DA:1015,17
DA:1018,34
DA:1022,17
DA:1023,17
DA:1024,68
DA:1025,68
DA:1026,0
DA:1027,0
DA:1034,34
DA:1036,51
DA:1037,17
DA:1038,51
DA:1043,0
DA:1054,0
DA:1055,0
DA:1056,0
DA:1071,3
DA:1083,3
DA:1097,3
DA:1100,3
DA:1102,2
DA:1103,10
DA:1105,2
DA:1106,2
DA:1107,2
DA:1110,3
DA:1117,3
DA:1120,4
DA:1121,2
DA:1122,2
DA:1123,2
DA:1124,0
DA:1126,2
DA:1129,2
DA:1130,0
DA:1133,6
DA:1134,4
DA:1137,2
DA:1140,6
DA:1141,0
DA:1142,0
DA:1143,0
DA:1148,4
DA:1149,4
DA:1150,4
DA:1151,4
DA:1152,2
DA:1153,1
DA:1163,3
DA:1176,3
DA:1177,0
DA:1179,2
DA:1180,0
DA:1192,6
DA:1193,6
DA:1194,6
DA:1195,6
DA:1198,6
DA:1199,0
DA:1202,1
DA:1203,2
DA:1204,0
DA:1207,2
DA:1209,1
DA:1210,1
DA:1211,2
DA:1212,3
DA:1213,3
DA:1214,2
DA:1215,2
DA:1216,2
DA:1217,2
DA:1218,2
DA:1219,1
DA:1222,1
DA:1226,3
DA:1228,3
DA:1229,3
DA:1231,3
DA:1232,3
DA:1237,3
DA:1238,3
DA:1239,2
DA:1240,4
DA:1247,3
DA:1251,3
DA:1254,4
DA:1257,1
DA:1260,1
DA:1263,0
DA:1264,0
DA:1265,0
DA:1266,0
DA:1272,1
DA:1274,0
DA:1275,0
DA:1276,0
DA:1284,0
DA:1285,0
DA:1286,0
DA:1291,1
DA:1294,1
DA:1298,1
DA:1299,0
DA:1305,1
DA:1306,2
DA:1316,3
DA:1318,1
DA:1321,3
DA:1327,3
DA:1328,3
DA:1333,6
DA:1336,2
DA:1337,2
DA:1339,3
DA:1340,0
DA:1343,2
DA:1345,4
DA:1346,4
DA:1351,3
DA:1352,0
DA:1353,0
DA:1355,0
DA:1358,0
DA:1361,6
DA:1362,3
DA:1364,3
DA:1366,3
DA:1367,6
DA:1368,6
DA:1369,3
DA:1370,3
DA:1371,3
DA:1372,3
DA:1373,3
DA:1374,6
DA:1383,0
DA:1384,0
DA:1385,0
DA:1388,0
DA:1390,0
DA:1393,0
DA:1397,0
DA:1399,0
DA:1401,0
DA:1402,0
DA:1403,0
DA:1404,0
DA:1405,0
DA:1411,0
DA:1412,0
DA:1413,0
DA:1414,0
DA:1415,0
DA:1416,0
DA:1421,0
DA:1422,0
DA:1425,0
DA:1428,0
DA:1429,0
DA:1432,0
DA:1435,0
DA:1436,0
DA:1437,0
DA:1440,0
DA:1443,0
DA:1446,0
DA:1451,0
DA:1452,0
DA:1454,0
DA:1455,0
DA:1457,0
DA:1460,0
DA:1463,0
DA:1464,0
DA:1466,0
DA:1474,0
DA:1477,0
DA:1479,0
DA:1481,0
DA:1487,0
DA:1488,0
DA:1489,0
DA:1492,0
DA:1494,0
DA:1495,0
DA:1496,0
DA:1497,0
DA:1498,0
DA:1501,0
DA:1503,0
DA:1505,0
DA:1509,0
DA:1510,0
DA:1513,0
DA:1514,0
DA:1517,0
DA:1521,0
DA:1522,0
DA:1523,0
DA:1524,0
DA:1525,0
DA:1526,0
DA:1530,0
DA:1531,0
DA:1532,0
DA:1533,0
DA:1534,0
DA:1535,0
DA:1540,0
DA:1541,0
DA:1544,0
DA:1546,0
DA:1549,0
DA:1552,0
DA:1553,0
DA:1555,0
DA:1563,0
DA:1567,0
DA:1581,0
DA:1582,0
DA:1583,0
DA:1585,0
DA:1587,0
DA:1588,0
DA:1589,0
DA:1594,0
DA:1598,0
DA:1609,0
DA:1610,0
DA:1621,0
DA:1636,0
DA:1638,0
DA:1641,0
DA:1644,0
DA:1653,0
DA:1658,0
DA:1659,0
DA:1660,0
DA:1669,2
DA:1675,2
DA:1678,2
DA:1682,2
DA:1683,0
DA:1686,2
DA:1688,2
DA:1690,2
DA:1694,2
DA:1695,2
DA:1697,2
DA:1701,2
DA:1704,2
DA:1708,2
DA:1709,0
DA:1712,2
DA:1713,4
DA:1714,4
DA:1716,2
DA:1717,2
DA:1718,2
DA:1719,2
DA:1720,4
DA:1721,4
DA:1722,2
DA:1723,2
DA:1724,2
DA:1725,2
DA:1726,2
DA:1730,2
DA:1732,2
DA:1733,1
DA:1735,2
DA:1736,4
DA:1737,2
DA:1738,1
DA:1740,1
DA:1744,1
DA:1750,0
DA:1752,0
DA:1754,0
DA:1756,0
DA:1759,0
DA:1762,17
DA:1768,34
DA:1769,68
DA:1771,34
DA:1776,0
DA:1778,0
DA:1779,0
DA:1781,0
DA:1783,0
DA:1786,0
DA:1789,0
DA:1791,0
DA:1793,0
DA:1795,0
DA:1798,0
DA:1801,0
DA:1802,0
DA:1803,0
DA:1804,0
DA:1807,0
DA:1813,0
DA:1814,0
DA:1815,0
DA:1817,0
DA:1818,0
DA:1821,0
DA:1822,0
DA:1823,0
DA:1829,0
DA:1830,0
DA:1833,0
DA:1837,0
DA:1838,0
DA:1839,0
DA:1840,0
DA:1841,0
DA:1846,0
DA:1849,0
DA:1854,0
DA:1855,0
DA:1859,0
DA:1860,0
DA:1861,0
DA:1864,0
DA:1868,0
DA:1869,0
DA:1870,0
DA:1872,0
DA:1874,0
DA:1877,0
DA:1880,0
DA:1881,0
DA:1882,0
DA:1883,0
DA:1884,0
DA:1886,0
DA:1887,0
DA:1888,0
DA:1890,0
DA:1892,0
DA:1896,0
DA:1897,0
DA:1898,0
DA:1902,0
DA:1903,0
DA:1904,0
DA:1906,0
DA:1908,0
DA:1911,0
DA:1914,0
DA:1927,0
DA:1928,0
DA:1929,0
DA:1946,0
DA:1951,0
DA:1952,0
DA:1953,0
DA:1955,0
DA:1959,0
DA:1967,0
DA:1968,0
DA:1969,0
DA:1972,0
DA:1975,0
DA:1976,0
DA:1981,0
DA:1984,0
DA:1994,0
DA:1997,0
DA:2005,0
DA:2016,0
DA:2017,0
DA:2019,0
DA:2021,0
DA:2022,0
DA:2029,0
DA:2038,0
DA:2039,0
DA:2053,0
DA:2054,0
DA:2055,0
DA:2056,0
DA:2057,0
DA:2058,0
DA:2059,0
DA:2061,0
DA:2063,0
DA:2072,0
DA:2081,0
DA:2084,0
DA:2085,0
DA:2086,0
DA:2089,0
DA:2094,0
DA:2097,0
DA:2105,0
DA:2114,0
DA:2121,0
DA:2130,0
DA:2138,0
DA:2141,0
DA:2144,0
DA:2146,0
DA:2150,0
DA:2151,0
DA:2156,0
DA:2159,0
DA:2169,0
DA:2172,0
DA:2183,0
DA:2191,0
DA:2194,0
DA:2199,0
DA:2202,0
DA:2204,0
DA:2208,0
DA:2209,0
DA:2210,0
DA:2215,0
DA:2218,0
DA:2228,0
DA:2231,0
DA:2240,0
DA:2242,0
DA:2243,0
DA:2248,0
DA:2251,0
DA:2261,0
DA:2264,0
DA:2275,0
DA:2279,0
DA:2282,0
DA:2285,0
DA:2289,0
DA:2290,0
DA:2293,0
DA:2296,0
DA:2297,0
DA:2298,0
DA:2299,0
DA:2300,0
DA:2301,0
DA:2304,0
DA:2308,0
DA:2309,0
DA:2310,0
DA:2313,0
DA:2316,0
DA:2319,0
DA:2320,0
DA:2325,0
DA:2329,0
DA:2340,0
DA:2341,0
DA:2351,0
DA:2357,0
DA:2363,0
DA:2365,0
DA:2368,0
DA:2371,0
LF:642
LH:301
end_of_record
SF:lib\core\security\authorization_policy.dart
DA:35,2
DA:36,36
DA:52,17
DA:54,17
DA:56,17
DA:58,17
DA:60,17
DA:62,17
DA:64,17
DA:66,17
DA:68,17
DA:70,17
DA:72,17
DA:74,17
DA:310,1
DA:311,2
LF:16
LH:16
end_of_record
SF:lib\core\services\current_user_context.dart
DA:12,0
DA:16,4
DA:18,4
DA:19,4
DA:20,2
DA:22,2
LF:6
LH:5
end_of_record
SF:lib\core\services\db\database_constants.dart
DA:12,36
DA:13,54
DA:25,0
DA:26,0
DA:27,0
DA:28,0
DA:31,0
DA:32,0
DA:33,0
DA:34,0
DA:37,0
DA:38,0
DA:39,0
DA:40,0
DA:44,0
DA:49,0
DA:54,0
DA:55,0
DA:56,0
DA:59,0
DA:60,0
DA:61,0
DA:64,0
DA:65,0
DA:66,0
DA:70,0
DA:73,0
DA:74,0
DA:75,0
DA:76,0
DA:79,0
DA:82,0
DA:83,0
DA:84,0
DA:89,0
DA:96,34
LF:36
LH:3
end_of_record
SF:lib\core\services\db\database_encryption_key_store.dart
DA:11,0
DA:16,0
DA:17,0
DA:19,0
DA:23,0
DA:24,0
DA:27,0
DA:28,0
DA:29,0
DA:31,0
DA:33,0
DA:34,0
DA:35,0
DA:39,0
DA:43,0
DA:45,0
DA:46,0
DA:50,0
LF:18
LH:0
end_of_record
SF:lib\core\services\db\database_encryption_service.dart
DA:15,0
DA:20,0
DA:21,0
DA:23,0
DA:26,0
DA:28,0
DA:29,0
DA:30,0
DA:31,0
DA:33,0
DA:34,0
DA:37,0
DA:38,0
DA:40,0
DA:41,0
DA:43,0
DA:44,0
DA:46,0
DA:47,0
DA:53,0
DA:55,0
DA:61,0
DA:62,0
DA:68,0
DA:69,0
DA:71,0
DA:73,0
DA:75,0
DA:79,0
DA:80,0
DA:85,0
DA:87,0
DA:89,0
DA:91,0
DA:92,0
DA:97,0
DA:100,0
DA:104,0
DA:105,0
DA:108,0
DA:114,0
DA:115,0
DA:116,0
DA:123,0
DA:126,0
DA:138,0
DA:144,0
DA:151,0
DA:154,0
DA:160,0
DA:161,0
DA:162,0
DA:165,0
DA:170,0
DA:174,0
DA:177,0
DA:182,0
DA:183,0
DA:184,0
DA:188,0
DA:192,0
DA:201,0
DA:206,0
DA:207,0
DA:208,0
DA:211,0
DA:212,0
DA:216,0
DA:217,0
DA:219,0
DA:220,0
DA:224,0
DA:225,0
DA:226,0
DA:227,0
DA:232,0
DA:235,0
DA:240,0
DA:245,0
DA:252,0
DA:259,0
DA:260,0
DA:261,0
DA:262,0
DA:265,0
DA:266,0
DA:267,0
DA:268,0
DA:271,0
DA:272,0
DA:273,0
DA:276,0
DA:277,0
DA:278,0
DA:283,0
DA:284,0
DA:285,0
DA:286,0
DA:291,0
DA:295,0
DA:296,0
DA:302,0
DA:303,0
DA:304,0
DA:305,0
DA:307,0
DA:308,0
DA:309,0
DA:311,0
DA:312,0
DA:317,0
DA:318,0
DA:319,0
DA:320,0
DA:324,0
DA:326,0
DA:327,0
DA:331,0
DA:341,0
DA:352,0
DA:353,0
DA:354,0
DA:363,0
DA:364,0
DA:367,0
DA:368,0
DA:369,0
DA:372,0
DA:373,0
DA:376,0
DA:377,0
DA:378,0
DA:380,0
DA:381,0
DA:382,0
LF:135
LH:0
end_of_record
SF:lib\core\services\db\database_migration.dart
DA:54,17
DA:55,17
DA:58,17
DA:62,17
DA:63,34
DA:64,34
DA:72,0
DA:75,0
DA:87,0
DA:89,0
DA:90,0
DA:96,17
DA:97,0
DA:98,34
DA:99,17
DA:103,0
DA:109,17
DA:117,0
DA:129,17
DA:135,17
DA:141,17
DA:145,17
DA:146,17
DA:150,17
DA:151,17
DA:153,17
DA:154,0
DA:157,0
DA:159,0
DA:164,0
DA:170,17
DA:171,17
DA:177,17
DA:178,34
DA:180,17
DA:181,17
DA:183,17
DA:184,17
DA:185,17
DA:186,17
DA:187,17
DA:188,17
DA:189,17
DA:191,17
DA:192,17
DA:193,17
DA:196,17
DA:197,17
DA:200,17
DA:201,17
DA:203,17
DA:206,17
DA:208,34
DA:214,1
DA:215,3
DA:217,1
DA:218,1
DA:219,1
DA:220,1
DA:221,1
DA:223,1
DA:224,1
DA:226,1
DA:227,1
DA:228,1
DA:230,1
DA:233,1
DA:236,1
DA:237,1
DA:242,1
DA:243,0
DA:245,0
DA:248,0
DA:249,0
DA:251,0
DA:253,0
DA:259,1
DA:260,0
DA:261,0
DA:262,0
DA:264,0
DA:267,0
DA:268,0
DA:273,0
DA:277,0
DA:282,1
DA:283,0
DA:285,0
DA:288,0
DA:290,0
DA:292,0
DA:294,0
DA:298,1
DA:299,0
DA:300,0
DA:304,1
DA:305,1
DA:306,2
DA:310,1
DA:311,1
DA:316,1
DA:322,2
DA:325,1
DA:326,1
DA:327,2
DA:331,1
DA:332,1
DA:333,2
DA:337,1
DA:338,1
DA:339,2
DA:343,1
DA:344,1
DA:345,2
DA:349,1
DA:350,1
DA:352,1
DA:353,2
DA:357,1
DA:358,1
DA:359,2
DA:364,1
DA:365,1
DA:366,1
DA:367,2
DA:371,1
DA:373,1
DA:379,17
DA:382,17
DA:383,17
DA:386,17
DA:389,17
DA:392,17
DA:395,17
DA:399,17
DA:400,17
DA:405,17
DA:406,17
DA:409,17
DA:412,17
DA:416,17
DA:418,17
DA:419,17
DA:420,17
DA:421,17
DA:422,17
DA:424,17
DA:425,17
DA:430,17
DA:441,17
DA:442,17
DA:445,17
DA:447,17
DA:448,17
DA:454,17
DA:460,34
DA:461,85
DA:463,34
DA:467,17
DA:468,17
DA:470,17
DA:472,17
DA:474,17
DA:476,17
DA:478,17
DA:480,17
DA:482,17
DA:485,17
DA:498,34
DA:499,17
DA:500,17
DA:501,17
DA:504,17
DA:505,17
DA:506,17
DA:507,17
DA:508,17
DA:511,17
DA:524,17
DA:537,17
DA:543,17
DA:549,17
DA:561,34
DA:563,17
DA:564,17
DA:566,17
DA:578,17
DA:586,17
DA:595,17
DA:596,34
DA:597,34
DA:600,17
DA:601,51
DA:602,51
DA:603,17
DA:604,17
DA:605,17
DA:607,17
DA:612,17
DA:617,17
DA:627,17
DA:628,17
DA:630,17
DA:641,17
DA:647,17
DA:648,17
DA:653,17
DA:654,17
DA:658,17
DA:659,17
DA:660,68
DA:663,17
DA:665,68
DA:667,17
DA:668,0
DA:670,0
DA:681,0
DA:700,0
DA:701,0
DA:707,17
DA:710,17
DA:711,17
DA:722,17
DA:725,17
DA:726,17
DA:731,17
DA:736,17
DA:741,17
DA:761,18
DA:765,18
DA:769,72
DA:770,18
DA:771,18
DA:773,36
DA:777,18
DA:791,18
DA:795,18
DA:796,18
DA:800,17
DA:801,17
DA:802,17
DA:806,17
DA:807,0
DA:813,17
DA:814,17
DA:815,102
DA:816,0
DA:819,17
DA:820,17
DA:821,0
DA:822,0
DA:826,17
DA:830,68
DA:831,17
DA:832,17
DA:834,17
DA:835,51
DA:836,17
DA:838,17
DA:839,0
DA:842,17
DA:843,17
DA:844,17
DA:845,17
DA:846,17
DA:849,2
DA:855,0
DA:859,0
DA:861,0
DA:865,0
DA:868,0
DA:869,0
DA:870,0
DA:874,0
DA:876,0
DA:881,0
DA:882,0
DA:883,0
DA:884,0
DA:885,0
DA:891,17
DA:892,17
DA:894,34
DA:895,34
DA:896,17
DA:897,34
DA:898,85
DA:905,17
DA:906,17
DA:908,68
DA:910,68
DA:914,0
DA:917,0
DA:919,0
DA:924,0
DA:925,0
DA:931,17
DA:932,17
DA:933,17
DA:939,17
DA:940,17
DA:942,85
DA:943,85
DA:946,34
DA:947,17
DA:951,34
DA:952,17
LF:307
LH:244
end_of_record
SF:lib\core\services\offline_outbox_service.dart
DA:14,0
DA:18,10
DA:19,5
DA:21,0
DA:23,5
DA:24,10
DA:25,10
DA:29,5
DA:38,5
DA:39,5
DA:40,0
DA:47,15
DA:48,5
DA:50,5
DA:52,5
DA:55,10
DA:59,5
DA:71,5
DA:72,5
DA:74,5
DA:77,3
DA:82,9
DA:83,3
DA:87,3
DA:93,1
DA:94,2
DA:97,3
DA:98,3
DA:109,6
DA:110,3
DA:111,6
DA:112,6
DA:113,6
DA:117,2
DA:121,2
DA:130,2
DA:134,2
DA:136,2
DA:139,6
DA:144,2
DA:146,2
DA:147,2
DA:151,2
DA:157,2
DA:159,2
DA:161,2
DA:164,2
DA:166,8
DA:167,3
DA:170,4
DA:171,6
DA:172,2
DA:173,4
DA:175,2
DA:177,2
DA:181,4
DA:182,2
DA:183,2
DA:186,2
DA:188,2
DA:189,2
DA:193,19
DA:194,57
DA:195,19
DA:197,19
DA:206,19
DA:207,1
DA:211,2
DA:218,2
DA:220,6
DA:223,0
DA:225,2
DA:229,2
DA:231,2
DA:232,2
DA:238,3
DA:248,4
LF:77
LH:73
end_of_record
SF:lib\core\services\db\database_platform_policy.dart
DA:11,0
DA:13,17
DA:14,34
DA:16,17
DA:17,17
DA:21,17
DA:23,17
DA:24,17
DA:28,17
DA:31,0
DA:35,0
DA:37,0
DA:39,0
DA:40,0
DA:44,0
LF:15
LH:8
end_of_record
SF:lib\core\services\db\tables\user_tables.dart
DA:5,17
DA:6,17
DA:7,17
DA:8,17
DA:9,17
DA:10,17
DA:13,17
DA:14,17
DA:58,17
DA:61,17
DA:62,102
DA:64,17
DA:65,17
DA:66,0
DA:70,17
DA:74,17
DA:79,17
DA:84,17
DA:88,17
DA:92,17
DA:96,17
DA:100,17
DA:104,17
DA:108,17
DA:114,17
DA:121,17
DA:122,0
DA:128,17
DA:133,17
DA:146,17
DA:151,17
DA:156,17
DA:168,17
DA:174,17
DA:175,17
DA:199,17
DA:204,17
DA:205,17
DA:208,17
DA:232,17
DA:234,102
DA:236,34
DA:237,34
DA:238,0
DA:239,0
DA:245,17
DA:251,17
DA:252,17
DA:265,17
DA:270,17
DA:276,17
DA:279,17
DA:280,85
DA:283,0
DA:286,0
DA:293,1
DA:298,1
DA:299,0
DA:301,1
DA:302,0
DA:303,0
DA:305,1
DA:308,0
DA:312,0
DA:315,0
DA:318,0
DA:321,0
DA:325,0
DA:329,0
DA:333,0
DA:336,0
DA:339,0
DA:342,0
DA:345,0
DA:348,0
DA:351,0
DA:355,0
DA:358,0
DA:361,0
DA:364,0
DA:368,0
DA:375,0
DA:380,0
DA:384,0
DA:388,0
DA:392,0
DA:395,0
DA:399,17
DA:402,17
DA:412,17
LF:90
LH:56
end_of_record
SF:lib\core\services\db\tables\organization_identity_tables.dart
DA:11,17
DA:12,17
DA:13,17
DA:14,17
DA:16,17
DA:17,17
DA:18,17
DA:19,17
DA:22,17
DA:23,17
DA:25,17
DA:29,34
DA:30,0
DA:35,51
DA:36,17
DA:37,0
DA:40,17
DA:42,17
DA:44,17
DA:47,17
DA:48,0
DA:51,34
DA:52,17
DA:53,34
DA:58,17
DA:62,17
DA:63,0
DA:64,0
DA:70,17
DA:71,17
DA:82,17
DA:88,17
DA:89,17
DA:100,17
DA:101,17
DA:107,17
DA:115,17
DA:121,34
DA:122,85
DA:124,34
DA:128,17
DA:129,17
DA:131,17
DA:136,17
DA:138,3
DA:139,1
DA:140,0
DA:141,0
DA:145,1
DA:147,1
DA:149,1
DA:152,1
DA:153,0
DA:160,17
DA:161,51
DA:162,17
DA:164,17
DA:166,17
DA:170,17
DA:172,0
DA:173,17
DA:175,0
DA:177,34
DA:186,34
DA:195,17
DA:199,17
DA:203,17
DA:205,17
DA:209,17
DA:212,17
DA:213,17
DA:217,17
DA:223,17
DA:224,17
DA:240,17
DA:256,17
DA:272,17
DA:288,17
DA:304,17
DA:321,0
DA:322,0
DA:323,0
DA:326,17
DA:327,17
DA:330,17
LF:85
LH:72
end_of_record
SF:lib\core\services\db\tables\device_identity_tables.dart
DA:8,17
DA:9,17
DA:37,17
DA:43,17
DA:44,17
DA:45,34
DA:46,0
DA:49,17
DA:51,3
DA:52,3
DA:54,3
DA:58,6
DA:59,9
DA:60,9
DA:61,0
DA:64,6
DA:65,9
DA:66,0
DA:69,6
DA:70,9
DA:71,0
DA:74,9
DA:75,0
DA:79,6
DA:82,3
DA:84,3
DA:85,6
LF:27
LH:22
end_of_record
SF:lib\core\services\db\tables\license_activation_tables.dart
DA:4,1
DA:10,0
DA:11,0
DA:20,17
DA:21,17
DA:58,17
DA:64,17
DA:65,17
DA:66,34
DA:67,0
DA:69,17
DA:71,2
DA:72,2
DA:77,4
DA:78,0
DA:80,2
DA:81,4
DA:82,10
DA:83,0
DA:87,6
DA:88,2
DA:95,2
DA:96,6
DA:97,0
DA:103,0
DA:104,0
DA:109,0
DA:112,0
DA:113,0
DA:117,0
DA:119,0
DA:120,0
DA:121,0
DA:125,0
DA:129,0
DA:130,0
DA:132,0
LF:37
LH:18
end_of_record
SF:lib\core\services\db\tables\license_runtime_tables.dart
DA:49,17
DA:50,17
DA:79,17
DA:80,17
DA:81,51
DA:82,34
DA:93,17
DA:96,1
DA:97,2
DA:98,1
DA:102,2
DA:103,2
DA:104,1
DA:105,2
DA:109,1
DA:111,1
DA:114,4
DA:115,2
DA:116,0
DA:117,0
DA:145,0
DA:156,0
DA:160,1
DA:163,17
DA:164,17
DA:169,34
DA:170,34
DA:171,34
DA:172,17
DA:173,17
DA:176,17
DA:178,34
DA:180,34
DA:181,17
DA:213,17
DA:218,17
DA:244,17
DA:256,17
DA:271,17
DA:307,17
DA:308,17
DA:309,34
DA:310,0
DA:313,51
DA:322,17
DA:323,0
DA:327,17
DA:328,34
LF:48
LH:42
end_of_record
SF:lib\core\services\db\tables\license_validation_tables.dart
DA:4,0
DA:22,0
DA:23,0
DA:24,0
DA:36,17
DA:37,17
DA:57,4
DA:66,4
DA:67,4
DA:68,4
DA:69,4
DA:70,0
DA:74,12
DA:75,4
DA:76,4
DA:79,4
DA:80,4
DA:85,6
DA:86,6
DA:96,4
DA:97,8
DA:98,4
DA:99,4
DA:102,0
DA:110,0
DA:115,0
DA:116,0
DA:117,0
DA:118,0
DA:119,0
DA:120,0
DA:121,0
DA:123,0
DA:127,0
DA:134,0
DA:135,0
DA:136,0
DA:137,0
DA:138,0
DA:140,0
DA:142,0
DA:145,0
DA:146,0
DA:147,0
DA:149,0
DA:152,0
DA:153,0
DA:154,0
DA:155,0
DA:156,0
DA:157,0
DA:158,0
DA:159,0
DA:163,0
DA:164,0
DA:165,0
DA:166,0
DA:168,0
DA:169,0
DA:171,0
DA:172,0
LF:61
LH:18
end_of_record
SF:lib\core\services\db\tables\owner_bootstrap_tables.dart
DA:5,17
DA:6,17
DA:30,17
DA:36,17
DA:38,17
DA:42,34
DA:43,0
DA:45,51
DA:47,17
DA:49,17
DA:51,17
DA:54,34
DA:55,0
DA:58,17
DA:59,17
DA:61,17
DA:65,51
DA:67,34
DA:68,2
DA:70,2
DA:74,6
DA:82,2
DA:84,2
DA:86,6
DA:91,2
DA:96,17
DA:97,0
DA:102,17
DA:104,17
DA:118,17
DA:119,17
DA:120,34
DA:121,0
DA:123,17
DA:124,17
DA:126,17
DA:130,34
DA:131,51
DA:132,51
DA:133,0
DA:136,17
DA:138,17
DA:140,34
DA:143,34
DA:144,17
DA:145,17
DA:146,0
DA:148,17
DA:149,17
DA:151,34
DA:155,17
DA:156,1
DA:162,15
DA:163,0
DA:165,30
DA:166,0
LF:56
LH:48
end_of_record
SF:lib\core\services\db\tables\user_authorization_tables.dart
DA:6,17
DA:7,17
DA:17,17
DA:26,17
DA:37,17
DA:42,17
DA:43,17
DA:44,17
DA:45,17
DA:46,17
DA:49,17
DA:50,51
DA:51,34
DA:52,17
DA:54,17
DA:56,17
DA:58,17
DA:66,17
DA:68,17
DA:69,17
DA:71,17
DA:74,17
DA:79,17
DA:80,51
DA:81,34
DA:82,17
DA:84,17
DA:86,17
DA:95,17
DA:96,34
DA:99,17
DA:102,34
DA:104,34
DA:105,17
DA:107,17
DA:108,17
DA:117,17
DA:118,17
DA:124,17
DA:131,17
DA:150,17
DA:151,17
DA:152,17
DA:153,17
DA:154,17
DA:156,17
DA:168,17
DA:180,17
DA:190,17
DA:201,17
DA:202,17
DA:205,17
DA:208,17
DA:211,17
DA:212,17
DA:215,17
DA:218,17
DA:221,17
DA:222,17
DA:225,17
DA:228,17
DA:231,17
DA:232,17
DA:235,17
DA:238,17
DA:239,17
DA:240,17
LF:67
LH:67
end_of_record
SF:lib\core\services\db\tables\p16_security_tables.dart
DA:4,0
DA:6,19
DA:7,19
DA:24,19
DA:28,19
DA:32,19
DA:37,19
DA:44,19
DA:52,19
DA:66,38
DA:67,19
DA:69,19
DA:72,38
DA:73,19
DA:78,19
DA:95,19
DA:100,19
LF:17
LH:16
end_of_record
SF:lib\core\services\db\tables\repair_tables.dart
DA:10,18
DA:11,18
DA:12,18
DA:14,18
DA:15,18
DA:16,18
DA:17,18
DA:18,18
DA:20,18
DA:26,18
DA:28,18
DA:37,18
DA:38,18
DA:51,36
DA:52,18
DA:54,18
DA:63,18
DA:64,18
DA:126,18
DA:129,18
DA:130,18
DA:132,18
DA:139,18
DA:140,18
DA:160,18
DA:163,18
DA:164,18
DA:166,18
DA:170,18
DA:181,54
DA:183,18
DA:184,18
DA:195,18
DA:196,18
DA:212,18
DA:215,18
DA:216,18
DA:220,18
DA:226,0
DA:231,0
DA:232,0
DA:235,0
DA:236,0
DA:238,0
DA:239,0
DA:242,0
DA:243,0
DA:244,0
DA:245,0
DA:248,0
DA:251,0
DA:252,0
DA:253,0
DA:256,0
DA:259,0
DA:260,0
DA:262,0
DA:263,0
DA:265,0
DA:266,0
DA:270,0
DA:271,0
DA:274,0
DA:276,0
DA:278,0
DA:279,0
DA:280,0
DA:281,0
DA:288,0
DA:289,0
DA:291,0
DA:294,0
DA:295,0
DA:311,0
DA:312,0
DA:313,0
DA:315,0
DA:316,0
DA:319,0
DA:324,0
DA:326,0
DA:327,0
DA:330,0
DA:331,0
DA:332,0
DA:335,0
DA:337,0
DA:339,0
DA:340,0
DA:343,0
DA:344,0
DA:345,0
DA:346,0
DA:347,0
DA:348,0
DA:355,0
DA:356,0
DA:358,0
DA:359,0
DA:363,0
DA:365,0
DA:366,0
DA:367,0
DA:368,0
DA:369,0
DA:372,0
DA:376,0
DA:377,0
DA:378,0
DA:384,18
DA:385,18
DA:386,18
DA:387,18
DA:388,18
DA:389,18
DA:390,18
DA:391,18
DA:392,18
DA:393,18
DA:394,18
DA:395,18
DA:396,18
DA:397,18
DA:398,18
DA:399,18
DA:411,20
DA:412,20
DA:442,20
DA:446,20
DA:453,20
DA:454,20
DA:455,20
DA:456,20
DA:458,20
DA:460,20
DA:462,20
DA:464,20
DA:465,20
DA:466,20
DA:467,20
DA:468,20
DA:469,20
DA:470,20
DA:471,20
DA:473,20
DA:474,20
DA:475,20
DA:476,20
DA:477,20
DA:478,20
DA:479,20
DA:482,20
DA:495,20
DA:502,18
DA:503,18
DA:504,18
DA:505,18
DA:506,18
DA:507,18
DA:510,20
DA:512,40
DA:513,80
DA:515,40
DA:519,18
DA:520,18
DA:521,72
DA:523,18
DA:524,18
DA:525,0
DA:529,18
DA:530,18
DA:531,18
DA:532,18
DA:533,18
DA:535,18
DA:536,18
DA:537,18
DA:538,18
DA:539,18
DA:540,18
DA:541,18
DA:544,18
DA:545,18
DA:546,72
DA:548,18
DA:549,0
DA:552,18
DA:553,0
DA:556,18
DA:564,18
DA:567,18
DA:569,18
DA:570,0
DA:571,0
DA:572,0
DA:575,0
DA:576,0
DA:577,0
DA:579,0
DA:581,0
DA:586,0
DA:592,18
DA:594,18
DA:597,18
DA:599,18
DA:614,18
DA:615,72
DA:617,18
DA:629,1
DA:630,1
DA:632,1
DA:633,0
DA:635,1
DA:638,1
DA:644,0
DA:646,0
DA:649,0
DA:652,0
DA:655,0
DA:657,0
DA:659,0
DA:661,0
DA:665,0
DA:670,0
DA:672,0
DA:674,0
DA:677,0
DA:681,0
DA:683,0
DA:685,0
DA:687,0
DA:689,0
DA:690,0
DA:694,0
DA:698,0
DA:704,0
DA:710,0
DA:711,0
DA:713,0
DA:714,0
DA:717,0
DA:719,0
DA:721,0
DA:725,0
DA:726,0
DA:727,0
DA:729,0
DA:731,0
DA:736,0
DA:737,0
DA:739,0
DA:741,0
DA:762,0
DA:764,0
DA:766,0
DA:775,18
DA:776,18
DA:785,18
LF:258
LH:133
end_of_record
SF:lib\core\services\db\tables\hr_tables.dart
DA:6,17
DA:7,17
DA:8,17
DA:9,17
DA:10,17
DA:11,17
DA:15,17
DA:16,17
DA:49,17
DA:50,17
DA:63,17
DA:68,17
DA:69,17
DA:83,17
DA:86,17
DA:88,17
DA:90,17
DA:92,17
DA:94,17
DA:96,17
DA:101,17
DA:102,17
DA:122,17
DA:125,17
DA:126,17
DA:128,17
DA:133,17
DA:134,17
DA:145,17
DA:150,1
DA:151,1
DA:152,0
DA:153,0
DA:157,1
DA:158,1
DA:159,1
DA:163,0
DA:165,0
DA:168,0
DA:170,0
DA:173,0
DA:176,0
DA:179,0
DA:181,0
DA:184,0
DA:187,0
DA:188,0
DA:189,0
DA:191,0
DA:193,0
DA:199,0
DA:204,0
DA:207,0
DA:209,0
DA:210,0
DA:216,0
DA:218,0
DA:221,0
DA:223,0
DA:226,0
DA:228,0
DA:231,0
DA:233,0
DA:236,0
LF:64
LH:34
end_of_record
SF:lib\core\services\db\tables\insurance_tables.dart
DA:14,17
DA:15,17
DA:16,17
DA:19,17
DA:23,17
DA:54,17
DA:57,17
DA:60,17
DA:67,17
DA:86,17
DA:93,17
DA:109,17
DA:116,17
DA:131,17
DA:139,0
DA:143,0
DA:145,0
DA:155,0
DA:159,0
DA:161,0
DA:171,0
DA:175,0
DA:177,0
DA:187,0
DA:191,0
DA:193,0
DA:204,0
DA:210,0
DA:212,0
DA:214,0
DA:216,0
DA:224,17
DA:227,17
DA:229,17
DA:230,17
DA:231,68
DA:235,0
DA:242,17
DA:244,17
DA:245,17
DA:246,68
DA:250,0
DA:254,0
DA:273,0
DA:283,0
DA:285,0
DA:292,17
DA:294,17
DA:295,17
DA:296,68
DA:300,0
DA:303,0
DA:310,17
DA:312,17
DA:313,17
DA:314,68
DA:318,0
DA:321,0
LF:58
LH:31
end_of_record
SF:lib\core\services\db\tables\supplier_tables.dart
DA:18,17
DA:19,17
DA:20,17
DA:26,17
DA:27,17
DA:34,17
DA:42,17
DA:43,17
DA:44,17
DA:45,17
DA:46,17
DA:47,17
DA:48,17
DA:50,34
DA:56,17
DA:58,34
DA:59,68
DA:63,0
DA:65,0
DA:67,0
DA:68,0
DA:73,0
DA:74,0
DA:75,0
DA:77,0
DA:79,0
DA:85,0
DA:87,0
DA:97,0
DA:99,0
DA:106,0
DA:108,0
DA:111,0
DA:113,0
DA:120,0
DA:122,0
DA:128,0
DA:129,0
DA:133,0
DA:135,0
DA:136,0
LF:41
LH:17
end_of_record
SF:lib\core\services\db\tables\cheque_tables.dart
DA:12,17
DA:13,17
DA:14,17
DA:17,17
DA:18,17
DA:63,17
DA:64,17
DA:66,17
DA:104,34
DA:105,51
DA:108,17
DA:123,17
DA:156,17
DA:159,17
DA:162,17
DA:165,17
DA:169,17
DA:173,17
DA:177,17
DA:182,17
DA:191,17
DA:194,17
DA:195,17
DA:202,17
DA:211,17
DA:218,17
DA:220,17
DA:222,17
DA:226,17
DA:227,34
DA:228,17
DA:231,17
DA:233,17
DA:238,34
DA:244,17
DA:250,34
DA:251,68
DA:252,0
DA:256,0
DA:260,0
DA:261,0
DA:268,0
DA:273,0
DA:275,0
DA:277,0
DA:280,0
DA:284,0
DA:289,0
DA:291,0
DA:295,0
DA:298,0
DA:302,0
DA:307,0
DA:309,0
DA:311,0
DA:314,0
DA:316,0
DA:317,0
DA:318,0
DA:320,0
DA:323,0
DA:325,0
DA:327,0
DA:328,0
DA:330,0
DA:333,0
DA:337,0
DA:340,0
DA:341,0
DA:344,0
DA:349,0
DA:353,0
DA:354,0
DA:357,0
DA:364,0
DA:365,0
DA:366,0
DA:369,0
DA:373,0
LF:79
LH:37
end_of_record
SF:lib\core\services\db\tables\report_tables.dart
DA:9,17
DA:10,17
DA:14,17
DA:15,17
DA:28,17
DA:31,17
DA:32,17
DA:36,0
DA:37,0
DA:40,0
DA:42,0
DA:43,0
DA:45,0
DA:50,1
DA:51,1
DA:52,0
DA:53,0
DA:58,0
DA:60,0
DA:61,0
DA:64,0
DA:68,0
DA:69,0
DA:70,0
DA:80,0
DA:82,0
DA:85,0
DA:88,0
DA:89,0
DA:91,0
DA:94,0
DA:96,0
DA:98,0
DA:101,0
DA:106,0
DA:108,0
DA:111,0
DA:116,0
DA:118,0
DA:126,0
DA:127,0
DA:128,0
DA:129,0
DA:130,0
DA:131,0
DA:134,0
DA:140,0
DA:145,0
DA:148,0
DA:151,0
DA:152,0
DA:153,0
DA:157,0
DA:160,0
DA:169,0
DA:170,0
DA:171,0
DA:174,0
DA:177,0
DA:178,0
DA:179,0
DA:180,0
DA:181,0
DA:184,0
DA:189,0
DA:190,0
DA:191,0
DA:195,0
DA:197,0
DA:199,0
DA:202,0
DA:204,0
DA:205,0
DA:212,0
DA:217,0
DA:219,0
DA:221,0
DA:224,0
DA:228,0
DA:234,0
DA:235,0
DA:237,0
DA:239,0
LF:83
LH:9
end_of_record
SF:lib\core\services\db\tables\technical_tables.dart
DA:12,23
DA:13,23
DA:14,23
DA:18,23
DA:19,23
DA:29,23
DA:32,23
DA:35,23
DA:39,23
DA:46,23
DA:47,23
DA:66,23
DA:74,23
DA:75,23
DA:81,23
DA:82,23
DA:83,23
DA:84,23
DA:85,23
DA:91,23
DA:97,23
DA:98,23
DA:101,23
DA:117,23
DA:121,23
DA:125,23
DA:129,23
DA:136,23
DA:142,46
DA:143,115
DA:145,2
DA:146,2
DA:152,1
DA:153,1
DA:154,0
DA:155,0
DA:157,1
DA:162,0
DA:167,0
DA:168,0
DA:170,0
DA:171,0
DA:176,0
DA:179,0
DA:182,0
DA:188,0
DA:192,0
DA:194,0
DA:196,0
DA:200,0
DA:205,0
DA:206,0
DA:207,0
DA:210,0
DA:219,0
DA:222,0
DA:230,0
DA:234,0
DA:236,0
DA:239,0
DA:244,0
DA:248,0
DA:249,0
DA:250,0
DA:251,0
DA:252,0
DA:254,0
DA:257,0
DA:260,0
DA:263,0
DA:268,0
DA:271,0
DA:283,0
DA:285,0
DA:287,0
DA:288,0
DA:290,0
DA:292,0
DA:296,0
DA:299,0
DA:300,0
DA:302,0
DA:306,0
DA:307,0
DA:309,0
DA:312,0
DA:313,0
DA:315,0
DA:319,0
DA:320,0
LF:90
LH:35
end_of_record
SF:lib\core\services\db\tables\vehicle_tables.dart
DA:4,0
DA:8,3
DA:9,3
DA:34,6
DA:35,3
DA:38,6
DA:39,3
DA:42,20
DA:43,20
DA:58,20
DA:63,20
DA:64,20
DA:65,20
DA:66,20
DA:67,20
DA:68,20
DA:69,20
DA:71,20
DA:75,20
DA:80,20
DA:83,20
DA:88,20
DA:89,100
DA:91,0
DA:92,0
DA:97,20
DA:98,20
DA:113,22
DA:114,6
DA:115,2
DA:116,2
DA:118,4
DA:119,6
DA:120,6
DA:122,10
DA:123,4
DA:124,0
DA:125,6
DA:127,6
DA:129,2
DA:133,2
DA:140,2
DA:142,2
DA:144,2
DA:159,2
DA:161,2
DA:162,0
DA:163,0
LF:48
LH:42
end_of_record
SF:lib\core\services\db\views\accounting_views.dart
DA:6,17
DA:7,17
DA:10,17
DA:11,17
DA:12,17
DA:13,17
DA:15,17
DA:22,17
DA:30,17
DA:47,1
DA:49,1
DA:99,0
DA:101,0
DA:135,0
DA:137,0
DA:156,0
LF:16
LH:11
end_of_record
SF:lib\core\services\db\tables\payments_tables.dart
DA:12,18
DA:13,18
DA:14,18
DA:15,18
DA:21,18
DA:22,18
DA:56,18
DA:57,18
DA:60,18
DA:63,18
DA:66,18
DA:69,18
DA:72,18
DA:75,18
DA:78,18
DA:81,18
DA:88,18
DA:90,18
DA:97,18
DA:105,18
DA:112,18
DA:119,18
DA:126,18
DA:133,18
DA:140,18
DA:146,18
DA:152,36
DA:153,72
DA:155,0
DA:162,0
DA:164,0
DA:165,0
DA:169,0
DA:171,0
DA:172,0
DA:174,0
DA:176,0
DA:197,0
DA:199,0
DA:202,0
DA:204,0
LF:41
LH:28
end_of_record
SF:lib\core\services\db\tables\receipt_tables.dart
DA:9,0
DA:11,18
DA:12,18
DA:28,18
DA:40,18
DA:54,18
DA:57,18
DA:60,18
DA:63,18
DA:66,18
DA:69,18
LF:11
LH:10
end_of_record
SF:lib\core\services\db\tables\voucher_tables.dart
DA:9,17
DA:10,17
DA:11,17
DA:17,17
DA:18,17
DA:19,36
DA:22,17
DA:23,17
DA:28,1
DA:29,0
DA:32,1
DA:39,17
DA:40,17
DA:69,0
DA:71,0
DA:97,0
DA:124,0
DA:127,0
DA:133,1
DA:134,1
DA:135,1
DA:136,1
DA:137,1
DA:138,1
DA:139,1
DA:140,1
DA:141,1
DA:142,1
DA:143,1
DA:144,1
DA:145,1
DA:146,1
DA:147,1
DA:148,1
DA:149,1
DA:150,1
DA:151,1
DA:152,1
DA:158,1
DA:160,1
DA:161,4
DA:163,0
DA:170,17
DA:172,17
DA:173,17
DA:175,17
LF:46
LH:39
end_of_record
SF:lib\core\services\db\tables\purchase_invoices_table.dart
DA:7,17
DA:8,17
DA:9,17
DA:10,17
DA:11,17
DA:17,17
DA:18,17
DA:50,17
DA:52,17
DA:72,17
DA:81,17
DA:82,17
DA:84,17
DA:86,17
DA:93,17
DA:95,17
DA:96,17
DA:97,17
DA:98,17
DA:99,17
DA:100,17
DA:101,17
DA:103,17
DA:104,17
DA:105,17
DA:106,17
DA:107,17
DA:110,17
DA:111,17
DA:112,17
DA:113,17
DA:119,17
DA:125,34
DA:126,68
DA:128,34
DA:135,0
DA:137,0
DA:140,0
DA:143,0
DA:146,0
DA:147,0
DA:153,0
DA:155,0
LF:43
LH:35
end_of_record
SF:lib\core\services\db\tables\purchase_payments_table.dart
DA:7,17
DA:8,17
DA:9,17
DA:15,17
DA:16,17
DA:36,17
DA:40,17
DA:44,17
DA:52,17
DA:53,17
DA:54,17
DA:55,17
DA:58,17
DA:64,17
DA:66,34
DA:67,68
DA:69,0
DA:76,17
DA:78,34
DA:79,68
DA:83,0
DA:85,0
DA:86,0
DA:88,0
DA:90,0
DA:103,0
DA:105,0
DA:108,0
DA:110,0
DA:116,0
DA:118,0
DA:121,0
DA:129,0
DA:131,0
LF:34
LH:19
end_of_record
SF:lib\core\services\db\db_service.dart
DA:41,0
DA:48,0
DA:49,0
DA:55,0
DA:57,0
DA:58,0
DA:59,0
DA:63,0
DA:64,0
DA:66,0
DA:67,0
DA:69,0
DA:71,2
DA:73,0
DA:76,0
DA:83,0
DA:84,0
DA:85,0
DA:88,0
DA:89,0
DA:90,0
DA:93,0
DA:94,0
DA:95,0
DA:102,0
DA:103,0
DA:104,0
DA:107,0
DA:109,0
DA:110,0
DA:113,0
DA:117,0
DA:118,0
DA:125,0
DA:126,0
DA:127,0
DA:130,0
DA:135,0
DA:136,0
DA:148,0
DA:157,0
DA:168,0
DA:178,0
DA:190,0
DA:191,0
DA:193,0
DA:194,0
DA:196,0
DA:197,0
DA:199,0
DA:210,0
DA:223,0
DA:235,0
DA:249,0
DA:250,0
DA:252,0
DA:254,0
DA:256,0
DA:260,0
DA:266,0
DA:267,0
DA:269,0
DA:270,0
DA:272,0
DA:273,0
DA:275,0
DA:281,0
DA:289,0
DA:290,0
DA:292,0
DA:297,0
DA:304,0
DA:305,0
DA:306,0
DA:309,0
DA:310,0
DA:311,0
DA:314,0
DA:315,0
DA:316,0
DA:319,0
DA:320,0
DA:321,0
DA:327,0
DA:328,0
DA:329,0
DA:332,0
DA:333,0
DA:334,0
DA:337,0
DA:338,0
DA:339,0
DA:351,0
DA:352,0
DA:355,0
DA:359,0
DA:361,0
DA:364,0
DA:368,0
DA:370,0
DA:372,0
DA:379,0
DA:380,0
DA:382,0
DA:383,0
DA:384,0
DA:387,0
DA:389,0
DA:390,0
DA:393,0
DA:394,0
DA:395,0
DA:398,0
DA:399,0
DA:400,0
DA:403,0
DA:404,0
DA:405,0
DA:412,0
DA:414,0
DA:415,0
DA:418,0
DA:419,0
DA:420,0
DA:423,0
DA:425,0
DA:426,0
DA:433,0
DA:435,0
DA:436,0
DA:439,0
DA:440,0
DA:441,0
DA:444,0
DA:445,0
DA:446,0
DA:453,0
DA:454,0
DA:455,0
DA:458,0
DA:459,0
DA:460,0
DA:463,0
DA:465,0
DA:466,0
DA:473,0
DA:477,0
DA:478,0
DA:481,0
DA:490,0
DA:503,0
DA:504,0
DA:505,0
DA:508,0
DA:509,0
DA:510,0
DA:513,0
DA:514,0
DA:515,0
DA:522,0
DA:524,0
DA:525,0
DA:528,0
DA:529,0
DA:530,0
LF:165
LH:1
end_of_record
SF:lib\core\services\posting_engine.dart
DA:8,0
DA:12,2
DA:13,4
DA:14,0
DA:16,4
DA:17,0
DA:25,2
DA:26,2
DA:27,0
DA:30,6
DA:31,2
DA:32,2
DA:33,0
DA:36,4
DA:37,4
DA:39,4
DA:40,0
DA:42,4
DA:43,0
DA:44,0
DA:50,2
DA:51,0
DA:52,0
DA:53,2
DA:56,0
DA:66,0
DA:67,0
DA:69,0
DA:76,0
DA:82,2
DA:93,2
DA:94,2
DA:96,2
DA:104,2
DA:110,0
DA:122,0
DA:123,0
DA:126,0
DA:136,0
DA:141,0
DA:154,0
DA:155,0
DA:158,0
DA:169,0
DA:174,0
DA:178,0
DA:179,0
DA:182,0
DA:184,0
DA:188,0
DA:198,0
DA:199,0
DA:202,0
DA:210,0
DA:215,0
DA:220,0
DA:221,0
DA:224,0
DA:226,0
DA:231,2
DA:237,2
DA:238,0
DA:241,2
DA:244,2
LF:64
LH:23
end_of_record
SF:lib\features\auth\models\app_user.dart
DA:35,8
DA:65,0
DA:66,4
DA:67,0
DA:69,0
DA:70,0
DA:71,0
DA:74,0
DA:75,0
DA:76,0
DA:79,0
DA:81,0
DA:82,0
DA:84,0
DA:85,0
DA:88,6
DA:89,6
DA:90,12
DA:91,12
DA:92,12
DA:93,12
DA:94,12
DA:95,18
DA:96,0
DA:97,12
DA:98,14
DA:99,12
DA:100,12
DA:101,12
DA:102,6
DA:103,8
DA:104,12
DA:105,12
DA:106,12
DA:107,12
DA:108,6
DA:109,0
DA:111,6
DA:112,6
DA:113,6
DA:114,6
DA:115,6
DA:116,6
DA:117,6
DA:118,6
DA:119,6
DA:120,12
DA:121,0
DA:122,0
DA:123,0
DA:124,0
DA:125,0
DA:130,6
DA:132,4
DA:135,0
DA:136,0
DA:137,0
DA:138,0
DA:139,0
DA:140,0
DA:141,0
DA:142,0
DA:143,0
DA:144,0
DA:145,0
DA:146,0
DA:147,0
DA:148,0
DA:149,0
DA:150,0
DA:151,0
DA:152,0
DA:153,0
DA:154,0
DA:155,0
DA:156,0
DA:157,0
DA:158,0
DA:159,0
DA:160,0
DA:161,0
DA:162,0
DA:163,0
DA:167,0
DA:168,0
DA:169,0
DA:170,0
DA:174,1
DA:203,1
DA:204,1
DA:205,1
DA:206,1
DA:207,1
DA:208,1
DA:209,1
DA:210,1
DA:211,1
DA:212,1
DA:213,1
DA:214,1
DA:215,1
DA:216,1
DA:217,0
DA:218,1
DA:219,0
DA:220,1
DA:221,0
DA:222,1
DA:223,1
DA:224,1
DA:225,1
DA:226,1
DA:227,1
DA:228,1
DA:229,1
DA:230,1
LF:116
LH:60
end_of_record
SF:lib\features\auth\services\auth_session_service.dart
DA:17,0
DA:18,0
DA:22,0
DA:34,4
DA:37,0
DA:55,0
DA:56,0
DA:57,0
DA:59,0
DA:60,0
DA:62,0
DA:64,0
DA:71,0
DA:76,0
DA:77,0
DA:79,0
DA:80,0
DA:82,0
DA:83,0
DA:85,0
DA:93,0
DA:97,4
DA:101,8
DA:102,0
DA:105,8
DA:106,8
DA:107,4
DA:108,4
DA:109,4
DA:111,8
DA:112,4
DA:114,8
DA:116,8
DA:119,8
DA:120,4
DA:121,4
DA:123,4
DA:124,4
DA:125,4
DA:131,4
DA:134,0
DA:135,0
DA:141,4
DA:142,4
DA:143,4
DA:149,1
DA:151,1
DA:155,0
DA:156,0
DA:160,0
DA:164,8
DA:165,8
DA:167,4
DA:179,12
DA:182,4
DA:183,0
DA:190,4
DA:192,8
DA:194,8
DA:197,8
DA:200,2
DA:201,0
DA:202,0
DA:205,4
DA:206,2
DA:208,8
DA:210,4
DA:214,2
DA:216,2
DA:217,2
DA:218,2
DA:221,0
DA:222,0
DA:224,0
DA:225,0
DA:226,0
DA:227,0
DA:228,0
DA:231,3
DA:232,6
DA:233,3
DA:235,12
DA:237,3
DA:240,3
DA:245,3
DA:246,3
DA:247,0
DA:253,0
DA:257,0
DA:258,0
DA:260,0
DA:262,0
DA:269,4
DA:270,4
DA:271,12
DA:272,4
DA:275,4
DA:276,12
DA:279,2
DA:282,2
DA:285,2
DA:286,2
DA:287,2
DA:290,3
DA:292,6
DA:293,2
DA:300,0
DA:302,0
DA:303,0
DA:305,0
DA:311,2
DA:313,4
DA:314,1
DA:321,4
DA:322,4
DA:330,4
DA:331,4
LF:117
LH:71
end_of_record
SF:lib\features\auth\services\password_hasher.dart
DA:11,5
DA:27,8
DA:28,8
DA:29,8
DA:30,24
DA:32,8
DA:34,8
DA:36,8
DA:37,8
DA:38,8
DA:39,8
DA:42,5
DA:43,5
DA:44,5
DA:45,10
DA:52,10
DA:53,5
DA:61,15
DA:62,15
DA:63,5
DA:65,5
DA:66,5
DA:67,5
DA:77,1
DA:78,3
DA:79,1
DA:80,2
DA:91,1
DA:92,2
DA:95,1
DA:96,3
DA:99,8
DA:104,16
DA:106,24
DA:107,16
DA:108,16
DA:109,24
DA:110,24
DA:111,24
DA:113,24
DA:114,8
DA:116,16
DA:117,24
DA:118,24
DA:119,32
DA:126,5
DA:127,15
DA:130,15
DA:131,20
DA:133,5
DA:136,1
DA:137,3
LF:52
LH:52
end_of_record
SF:lib\features\auth\services\user_service.dart
DA:23,0
DA:24,0
DA:28,6
DA:34,0
DA:48,4
DA:49,8
DA:53,8
DA:54,8
DA:63,18
DA:65,6
DA:66,3
DA:69,2
DA:70,2
DA:71,0
DA:72,0
DA:73,0
DA:78,2
DA:82,2
DA:92,4
DA:94,6
DA:95,2
DA:102,2
DA:109,4
DA:111,6
DA:112,4
DA:113,1
DA:114,1
DA:115,1
DA:121,4
DA:122,4
DA:123,16
DA:126,3
DA:127,3
DA:128,6
DA:131,2
DA:132,2
DA:137,2
DA:138,1
DA:140,1
DA:143,2
DA:144,0
DA:145,0
DA:149,0
DA:150,0
DA:151,0
DA:156,1
DA:157,1
DA:161,1
DA:163,1
DA:167,2
DA:168,1
DA:174,1
DA:176,1
DA:177,2
DA:178,2
DA:179,1
DA:180,1
DA:181,3
DA:182,3
DA:183,0
DA:188,1
DA:190,1
DA:194,2
DA:195,4
DA:196,0
DA:201,1
DA:203,1
DA:207,2
DA:208,4
DA:209,4
DA:210,4
DA:211,0
DA:218,2
DA:219,2
DA:220,2
DA:222,2
DA:227,6
DA:232,0
DA:233,0
DA:236,2
DA:237,2
DA:238,2
DA:239,2
DA:240,2
DA:241,2
DA:246,2
DA:249,4
DA:256,3
DA:260,3
DA:263,3
DA:264,1
DA:267,2
DA:268,2
DA:269,2
DA:271,2
DA:272,4
DA:273,0
DA:275,2
DA:276,2
DA:277,2
DA:278,2
DA:279,2
DA:280,2
DA:281,0
DA:283,2
DA:289,1
DA:292,3
DA:296,3
DA:298,0
DA:301,3
DA:302,3
DA:303,4
DA:304,2
DA:306,4
DA:307,2
DA:308,0
DA:313,6
DA:315,6
DA:317,6
DA:324,2
DA:325,6
DA:326,2
DA:327,4
DA:328,2
DA:330,2
DA:332,2
DA:333,0
DA:337,2
DA:340,4
DA:343,4
DA:344,2
DA:345,2
DA:348,2
DA:356,2
DA:358,2
DA:359,2
DA:363,2
DA:365,4
DA:366,2
DA:374,1
DA:378,1
DA:379,0
DA:380,1
DA:381,2
DA:382,0
DA:384,3
DA:385,2
DA:386,1
DA:387,2
DA:388,2
DA:389,1
DA:402,2
DA:406,2
DA:407,2
DA:409,2
DA:412,4
DA:416,2
DA:418,4
DA:420,6
DA:424,4
DA:425,2
DA:426,3
DA:429,1
DA:433,4
DA:434,2
DA:436,2
DA:437,2
DA:438,1
DA:440,1
DA:442,1
DA:444,1
DA:445,2
DA:449,2
DA:455,2
DA:458,2
DA:461,2
DA:462,2
DA:465,2
DA:469,4
DA:472,2
DA:475,4
DA:479,6
DA:482,0
DA:483,0
DA:484,0
DA:487,0
DA:490,0
DA:493,0
DA:494,0
DA:495,0
DA:498,0
DA:501,0
DA:504,0
DA:505,0
DA:506,0
DA:507,0
DA:509,0
DA:510,0
DA:513,0
DA:514,0
DA:515,0
DA:516,0
DA:517,0
DA:520,0
DA:523,0
DA:524,0
DA:527,0
DA:528,0
DA:529,0
DA:533,0
DA:534,0
DA:535,0
DA:536,0
DA:537,0
DA:540,0
DA:541,0
DA:542,0
DA:543,0
DA:545,0
DA:547,0
DA:548,0
DA:550,0
DA:554,0
DA:556,0
DA:558,0
DA:565,0
DA:567,0
DA:570,0
DA:572,0
DA:573,0
DA:574,0
DA:575,0
DA:576,0
DA:577,0
DA:580,0
DA:584,0
DA:585,0
DA:586,0
DA:587,0
DA:589,0
DA:591,0
DA:592,0
DA:595,0
DA:596,0
DA:597,0
DA:598,0
DA:599,0
DA:600,0
DA:602,0
DA:603,0
DA:604,0
DA:605,0
DA:606,0
DA:613,0
DA:614,0
DA:617,1
DA:618,1
DA:619,0
DA:622,1
DA:623,1
DA:624,1
DA:629,1
DA:630,1
DA:632,1
DA:634,1
DA:637,1
DA:638,0
DA:640,4
DA:641,0
DA:644,3
DA:645,2
DA:647,2
DA:649,3
DA:656,2
DA:658,1
DA:661,1
DA:663,1
DA:664,1
DA:665,2
DA:666,2
DA:669,1
DA:673,1
DA:674,1
DA:675,1
DA:676,1
DA:678,1
DA:679,1
DA:680,1
DA:683,1
DA:684,1
DA:688,0
DA:689,0
DA:695,0
DA:700,0
DA:702,0
DA:705,0
DA:706,0
DA:708,0
DA:709,0
DA:711,0
DA:713,0
DA:717,0
DA:719,0
DA:720,0
DA:724,0
DA:726,0
DA:727,0
DA:729,0
DA:734,0
DA:737,0
DA:738,0
DA:739,0
DA:740,0
DA:742,0
DA:743,0
DA:752,0
DA:756,0
DA:758,0
DA:761,0
DA:762,0
DA:763,0
DA:765,0
DA:767,0
DA:771,0
DA:772,0
DA:775,0
DA:776,0
DA:777,0
DA:782,0
DA:783,0
DA:785,0
DA:786,0
DA:789,0
DA:791,0
DA:792,0
DA:794,0
DA:799,0
DA:802,0
DA:803,0
DA:804,0
DA:805,0
DA:807,0
DA:808,0
DA:815,0
DA:816,0
DA:819,0
DA:820,0
DA:822,0
DA:824,0
DA:827,0
DA:829,0
DA:831,0
DA:832,0
DA:835,2
DA:839,2
DA:840,2
DA:842,6
DA:843,2
DA:845,2
DA:848,4
DA:849,1
DA:850,1
DA:852,2
DA:854,2
DA:858,2
DA:861,1
DA:868,1
DA:869,0
DA:871,0
DA:872,0
DA:875,0
DA:876,0
DA:878,0
DA:879,0
DA:880,0
DA:883,0
DA:887,0
DA:891,0
DA:897,0
DA:898,0
DA:904,1
DA:908,1
DA:909,1
DA:910,1
DA:912,1
DA:913,1
DA:916,2
DA:918,1
DA:920,1
DA:922,1
DA:924,2
DA:929,1
DA:931,1
DA:933,1
DA:934,1
DA:936,4
DA:937,1
DA:940,3
DA:943,1
DA:946,1
DA:947,1
DA:948,1
DA:950,1
DA:952,1
DA:953,1
DA:957,2
DA:963,0
DA:964,0
DA:967,0
DA:968,0
DA:970,0
DA:972,0
DA:976,0
DA:978,0
DA:979,0
DA:981,0
DA:983,0
DA:986,0
DA:987,0
DA:990,0
DA:991,0
DA:993,0
DA:995,0
DA:999,2
DA:1003,2
DA:1010,2
DA:1012,4
DA:1015,0
DA:1018,0
DA:1021,0
DA:1022,0
DA:1024,0
DA:1026,0
DA:1029,0
DA:1031,0
DA:1032,0
DA:1034,0
DA:1035,0
DA:1039,0
DA:1041,0
DA:1043,0
DA:1045,0
DA:1051,2
DA:1055,2
DA:1057,0
DA:1060,2
DA:1061,4
DA:1062,2
DA:1066,4
DA:1067,2
DA:1072,4
DA:1076,2
DA:1078,6
DA:1079,2
DA:1081,2
DA:1083,2
DA:1084,2
DA:1086,2
DA:1091,2
DA:1094,2
DA:1096,4
DA:1098,2
DA:1104,2
DA:1105,2
DA:1106,2
DA:1111,0
DA:1112,0
DA:1118,0
DA:1119,0
DA:1120,0
DA:1122,0
DA:1124,0
DA:1125,0
DA:1131,1
DA:1132,1
DA:1133,1
DA:1135,1
DA:1137,3
DA:1138,0
DA:1144,1
DA:1147,1
DA:1148,1
DA:1153,1
DA:1154,1
DA:1155,1
DA:1157,1
DA:1159,2
DA:1162,2
DA:1163,1
DA:1165,3
DA:1166,1
DA:1167,1
DA:1174,2
DA:1175,2
DA:1176,4
DA:1177,2
DA:1179,4
DA:1183,2
DA:1185,4
DA:1187,2
DA:1190,4
DA:1191,2
DA:1193,2
DA:1194,2
DA:1195,4
DA:1203,2
DA:1204,2
DA:1205,2
DA:1207,4
DA:1209,2
DA:1212,2
DA:1213,6
LF:512
LH:295
end_of_record
SF:lib\core\device_identity\device_fingerprint_service.dart
DA:9,0
DA:27,4
DA:29,4
DA:47,0
DA:49,0
DA:50,0
DA:52,0
DA:53,0
DA:54,0
DA:55,0
DA:60,0
DA:61,0
DA:62,0
DA:63,0
DA:64,0
DA:65,0
DA:66,0
DA:67,0
DA:70,0
DA:71,0
DA:72,0
DA:74,0
DA:75,0
DA:76,0
DA:77,0
DA:78,0
DA:80,0
DA:82,0
DA:83,0
DA:88,0
DA:89,0
DA:90,0
DA:91,0
LF:33
LH:2
end_of_record
SF:lib\core\device_identity\device_identity.dart
DA:2,3
DA:32,0
DA:33,0
DA:35,0
DA:36,0
DA:37,0
DA:38,0
DA:39,0
DA:41,0
DA:42,0
DA:43,0
DA:44,0
DA:45,0
DA:46,0
DA:51,3
DA:63,1
DA:66,0
DA:67,0
LF:18
LH:3
end_of_record
SF:lib\core\device_identity\device_identity_secret_store.dart
DA:11,4
DA:16,0
DA:17,0
DA:19,0
DA:21,0
DA:23,0
DA:24,0
LF:7
LH:1
end_of_record
SF:lib\core\device_identity\device_identity_service.dart
DA:18,7
DA:24,0
DA:25,4
DA:27,4
DA:28,7
DA:42,3
DA:43,6
DA:44,3
DA:46,3
DA:51,6
DA:54,3
DA:56,0
DA:59,3
DA:61,3
DA:64,2
DA:65,2
DA:66,1
DA:73,3
DA:76,3
DA:77,3
DA:78,0
DA:80,3
DA:81,3
DA:83,0
DA:86,6
DA:87,6
DA:88,3
DA:89,3
DA:91,6
DA:95,1
DA:96,2
DA:97,1
DA:98,3
DA:99,1
DA:101,1
DA:107,2
DA:109,1
DA:110,0
DA:114,3
DA:118,3
DA:119,3
DA:120,3
DA:121,6
DA:122,6
DA:123,3
DA:124,6
DA:125,0
DA:127,3
DA:128,3
DA:130,6
DA:131,6
DA:132,9
DA:133,4
DA:134,3
DA:135,6
DA:137,9
DA:138,6
DA:141,6
DA:142,3
DA:150,3
DA:151,3
DA:152,3
DA:153,3
DA:157,2
DA:161,3
DA:163,1
DA:168,1
DA:169,0
DA:174,9
DA:175,6
DA:176,6
DA:177,6
DA:178,3
DA:187,3
DA:188,6
DA:190,6
DA:191,3
DA:192,3
DA:195,0
DA:196,0
DA:197,0
DA:200,0
DA:201,0
DA:202,0
DA:203,0
DA:207,3
DA:208,6
DA:209,9
DA:210,3
DA:212,6
DA:213,3
DA:214,15
DA:220,3
DA:221,6
DA:222,3
DA:224,3
DA:225,6
DA:231,3
DA:232,3
DA:233,3
DA:238,6
DA:239,0
DA:241,3
DA:242,3
DA:243,0
DA:246,3
DA:249,3
DA:250,3
DA:251,6
DA:252,6
DA:253,6
DA:254,6
DA:255,6
DA:256,6
DA:257,6
DA:258,6
DA:259,6
DA:260,3
DA:261,6
DA:262,9
DA:263,3
DA:265,6
DA:269,3
DA:270,6
DA:272,3
DA:273,12
DA:274,12
LF:127
LH:111
end_of_record
SF:lib\core\identity\organization_identity_service.dart
DA:12,4
DA:13,0
DA:17,4
DA:18,8
DA:19,4
DA:32,4
DA:33,0
DA:36,4
DA:37,8
DA:38,4
DA:39,0
DA:42,12
DA:44,0
DA:47,4
DA:49,8
DA:51,8
DA:52,8
DA:56,4
DA:57,8
DA:60,4
DA:61,0
DA:62,0
DA:65,4
DA:66,4
DA:69,4
LF:25
LH:19
end_of_record
SF:lib\core\identity\organization_identity.dart
DA:2,4
DA:16,3
LF:2
LH:2
end_of_record
SF:lib\core\licensing\activation\activation_state_repository.dart
DA:16,6
DA:20,0
DA:22,4
DA:23,4
DA:29,0
DA:30,0
DA:31,0
DA:32,0
DA:37,0
DA:40,0
DA:43,0
DA:46,2
DA:47,2
DA:50,2
DA:53,4
DA:54,2
DA:55,4
DA:57,2
DA:61,2
DA:63,2
DA:64,2
DA:65,2
DA:69,4
DA:70,2
DA:73,2
DA:74,4
DA:76,2
DA:77,4
DA:79,4
DA:80,2
DA:81,6
DA:83,2
DA:84,6
DA:86,4
DA:92,2
DA:93,4
DA:96,8
DA:97,8
DA:98,4
DA:99,4
DA:101,6
DA:108,0
DA:116,0
DA:117,0
DA:120,0
DA:121,0
DA:122,0
DA:124,0
DA:126,0
DA:128,0
DA:129,0
DA:130,0
DA:131,0
DA:132,0
DA:133,0
DA:139,0
DA:140,0
DA:141,0
DA:142,0
DA:145,0
DA:146,0
DA:151,0
DA:153,0
DA:154,0
DA:155,0
DA:156,0
DA:160,0
DA:163,2
DA:164,2
DA:167,2
DA:175,4
DA:176,2
DA:177,4
DA:179,4
DA:180,2
DA:182,2
DA:189,2
DA:190,2
DA:191,2
DA:192,2
DA:195,2
DA:196,0
DA:199,2
DA:201,2
DA:203,2
DA:204,2
DA:205,2
DA:208,2
DA:209,2
DA:210,6
DA:211,2
DA:212,2
DA:213,2
DA:222,2
DA:224,2
DA:225,2
DA:226,2
DA:227,2
DA:231,2
LF:99
LH:64
end_of_record
SF:lib\core\licensing\activation\license_envelope_verifier.dart
DA:9,1
DA:12,0
DA:13,0
DA:17,6
DA:49,6
DA:52,6
DA:54,4
DA:59,0
DA:61,4
DA:64,4
DA:65,16
DA:66,16
DA:67,4
DA:70,2
DA:77,8
DA:80,4
DA:81,2
DA:82,4
DA:85,2
DA:86,6
DA:89,2
DA:90,2
DA:91,4
DA:92,6
DA:97,4
DA:101,2
DA:102,2
DA:107,4
DA:108,8
DA:109,2
DA:110,6
DA:115,4
DA:118,4
DA:119,2
DA:122,2
DA:126,6
DA:127,4
DA:130,4
DA:131,6
DA:135,4
DA:140,4
DA:146,6
DA:147,4
DA:151,4
DA:153,2
DA:155,2
DA:163,2
DA:164,2
DA:165,2
DA:166,2
DA:167,6
DA:168,4
DA:173,2
DA:174,0
DA:175,0
DA:176,0
DA:182,4
DA:184,4
DA:188,4
DA:193,2
DA:194,4
DA:197,2
DA:198,2
DA:201,2
DA:202,6
DA:205,2
DA:207,2
DA:208,2
DA:214,1
DA:215,1
DA:217,1
DA:218,1
DA:219,2
DA:220,2
DA:227,4
DA:236,2
DA:242,2
DA:243,4
DA:244,4
DA:245,4
DA:246,4
DA:247,4
DA:252,2
DA:259,2
DA:263,2
DA:264,2
DA:265,2
DA:266,2
DA:267,2
DA:269,4
DA:270,10
DA:271,0
DA:272,0
DA:276,4
DA:277,4
DA:280,4
DA:281,6
DA:282,0
DA:287,2
DA:288,6
DA:290,0
DA:292,2
DA:298,2
DA:300,2
DA:301,4
DA:302,2
DA:307,4
DA:308,2
DA:309,0
DA:311,2
DA:312,2
DA:313,6
DA:315,6
DA:316,2
DA:317,4
DA:318,10
DA:320,4
DA:322,0
DA:323,0
DA:327,2
DA:329,12
DA:330,4
LF:122
LH:109
end_of_record
SF:lib\core\licensing\entitlements\licensed_user_seat_service.dart
DA:5,2
DA:10,0
DA:11,0
DA:15,2
DA:35,1
DA:38,0
DA:42,1
DA:44,1
DA:45,1
DA:53,1
DA:56,1
DA:59,2
DA:60,2
DA:67,1
DA:68,1
DA:69,1
DA:70,1
DA:71,1
LF:18
LH:15
end_of_record
SF:lib\features\auth\services\audit_trail_service.dart
DA:11,0
DA:13,3
DA:25,0
DA:26,3
DA:28,2
DA:29,2
DA:30,2
DA:31,1
DA:34,2
DA:36,0
DA:40,0
DA:43,0
DA:49,3
DA:55,2
DA:61,2
DA:65,2
DA:69,8
DA:73,6
DA:74,9
DA:77,3
DA:78,3
DA:79,3
DA:80,3
DA:81,3
DA:82,3
DA:85,3
DA:89,0
DA:98,0
DA:99,0
DA:100,0
DA:101,0
DA:102,0
DA:103,0
DA:104,0
DA:106,0
DA:107,0
DA:108,0
DA:110,0
DA:111,0
DA:112,0
DA:114,0
DA:115,0
DA:116,0
DA:119,0
DA:120,0
DA:123,0
DA:124,0
DA:126,0
DA:128,0
DA:129,0
DA:131,0
DA:135,3
DA:138,3
DA:140,0
DA:144,3
DA:145,1
DA:146,1
LF:57
LH:26
end_of_record
SF:lib\features\auth\services\first_owner_bootstrap_service.dart
DA:12,2
DA:40,4
DA:50,1
DA:53,0
DA:54,0
DA:60,4
DA:63,0
DA:69,4
DA:72,8
DA:73,8
DA:74,8
DA:75,12
DA:80,8
DA:82,0
DA:85,8
DA:86,4
DA:87,4
DA:88,0
DA:89,4
DA:95,4
DA:100,8
DA:103,4
DA:104,8
DA:105,8
DA:106,8
DA:108,4
DA:112,4
DA:115,8
DA:120,8
DA:121,8
DA:122,4
DA:126,4
DA:127,4
DA:128,12
DA:129,8
DA:131,8
DA:132,4
DA:135,4
DA:138,20
DA:144,4
DA:145,4
DA:147,4
DA:151,4
DA:157,4
DA:161,4
DA:170,8
DA:171,16
DA:172,8
DA:173,16
DA:174,8
DA:180,8
DA:184,8
DA:185,8
DA:194,4
DA:196,4
DA:197,8
DA:198,8
DA:199,8
DA:200,8
DA:201,8
DA:206,4
DA:210,8
DA:211,8
DA:213,4
DA:217,4
DA:219,4
DA:223,4
DA:224,3
DA:225,3
DA:227,1
DA:228,1
DA:231,4
DA:233,4
DA:239,4
DA:242,4
DA:244,4
DA:252,4
DA:254,4
DA:261,4
DA:262,4
DA:268,4
DA:269,8
DA:272,8
DA:273,8
DA:280,4
DA:282,4
DA:283,8
DA:285,16
DA:286,4
DA:287,12
DA:290,4
DA:291,4
DA:292,4
DA:294,0
DA:296,0
DA:298,0
LF:96
LH:88
end_of_record
SF:lib\features\auth\services\permission_service.dart
DA:11,0
DA:12,0
DA:16,3
DA:17,0
DA:21,2
DA:25,2
DA:29,4
DA:30,2
DA:40,2
DA:42,2
DA:45,0
DA:46,0
DA:47,0
DA:56,0
DA:60,0
DA:61,0
DA:62,0
DA:65,0
DA:66,0
DA:70,0
DA:73,3
DA:74,3
DA:76,1
DA:79,4
DA:80,2
DA:86,2
DA:87,2
DA:88,0
DA:91,4
DA:92,2
DA:94,2
DA:96,2
DA:99,2
DA:100,0
DA:104,3
DA:105,3
DA:106,3
DA:107,3
LF:38
LH:23
end_of_record
SF:lib\core\services\document_number_service.dart
DA:4,0
DA:6,1
DA:10,1
DA:13,1
DA:16,1
DA:17,0
DA:20,1
DA:21,2
DA:22,2
DA:23,2
DA:24,2
DA:25,0
DA:28,1
DA:30,1
DA:31,1
DA:32,2
DA:35,1
DA:37,1
DA:38,0
DA:41,3
LF:20
LH:16
end_of_record
SF:lib\features\settings\services\commercial_settings_service.dart
DA:12,1
DA:30,0
DA:42,0
DA:43,0
DA:57,0
DA:58,0
DA:59,0
DA:61,0
DA:73,0
DA:74,0
DA:75,0
DA:76,0
DA:77,0
DA:78,0
DA:79,0
DA:81,0
DA:82,0
DA:85,0
DA:86,0
DA:87,0
DA:88,0
DA:93,0
DA:94,0
DA:95,0
DA:97,0
DA:98,0
DA:100,0
DA:101,0
DA:104,0
DA:105,0
DA:106,0
DA:108,0
DA:109,0
DA:117,0
DA:119,0
DA:121,0
DA:122,0
DA:130,0
DA:132,0
DA:133,0
DA:135,0
DA:136,0
DA:137,0
DA:138,0
DA:139,0
DA:140,0
DA:145,0
DA:147,0
DA:148,0
LF:49
LH:1
end_of_record
SF:lib\core\utils\money_formatter.dart
DA:4,0
DA:38,0
DA:39,0
DA:40,0
DA:41,0
DA:43,1
DA:48,2
DA:49,1
DA:51,1
DA:54,1
DA:55,2
DA:56,1
DA:57,0
DA:61,1
DA:62,2
DA:63,2
DA:64,0
DA:67,1
DA:69,0
DA:71,0
DA:75,2
DA:76,2
DA:77,0
DA:80,1
DA:85,1
DA:86,1
DA:87,1
DA:88,1
DA:89,1
DA:92,1
DA:99,2
DA:100,1
DA:105,1
DA:106,0
DA:107,1
DA:110,0
DA:112,2
LF:37
LH:25
end_of_record
SF:lib\features\cheques\services\cheque_accounting_service.dart
DA:18,1
DA:19,2
DA:20,1
DA:21,1
DA:22,1
DA:23,1
DA:24,1
DA:25,1
DA:26,1
DA:29,0
DA:43,0
DA:45,0
DA:46,0
DA:48,0
DA:49,0
DA:52,0
DA:53,0
DA:54,0
DA:55,0
DA:56,0
DA:57,0
DA:59,0
DA:60,0
DA:62,0
DA:63,0
DA:65,0
DA:66,0
DA:69,0
DA:70,0
DA:72,0
DA:74,0
DA:76,0
DA:80,0
DA:82,0
DA:84,0
DA:86,0
DA:87,0
DA:93,0
DA:96,0
DA:97,0
DA:98,0
DA:99,0
DA:102,0
DA:103,0
DA:106,0
DA:107,0
DA:108,0
DA:110,0
DA:112,0
DA:114,0
DA:116,0
DA:119,0
DA:120,0
DA:125,0
DA:126,0
DA:127,0
DA:128,0
DA:138,0
DA:142,0
DA:150,0
DA:151,0
DA:152,0
DA:159,0
DA:164,0
DA:165,0
DA:171,0
DA:176,0
DA:178,0
DA:180,0
DA:183,0
DA:186,0
DA:188,0
DA:190,0
DA:194,0
DA:195,0
DA:199,0
DA:200,0
DA:206,0
DA:213,0
DA:214,0
DA:215,0
DA:219,0
DA:223,0
DA:224,0
DA:225,0
DA:233,0
DA:234,0
DA:235,0
DA:238,0
DA:239,0
DA:240,0
DA:248,0
DA:255,0
DA:257,0
DA:260,0
DA:263,0
DA:265,0
DA:266,0
DA:267,0
DA:272,0
DA:274,0
DA:276,0
DA:278,0
DA:279,0
DA:280,0
DA:283,0
DA:292,0
DA:294,0
DA:295,0
DA:296,0
DA:297,0
DA:299,0
DA:300,0
DA:303,0
DA:306,0
DA:309,0
DA:310,0
DA:311,0
DA:317,0
DA:320,0
DA:323,0
DA:326,0
DA:332,0
DA:333,0
DA:335,0
DA:336,0
DA:338,0
DA:341,0
DA:344,0
DA:346,0
DA:347,0
DA:348,0
DA:350,0
DA:351,0
DA:352,0
DA:356,0
DA:357,0
DA:358,0
DA:359,0
DA:364,0
DA:365,0
DA:366,0
DA:369,0
DA:370,0
DA:372,0
DA:376,0
DA:377,0
DA:378,0
DA:379,0
DA:381,0
DA:384,0
DA:387,0
DA:390,0
DA:398,0
DA:400,0
DA:401,0
DA:402,0
DA:403,0
DA:406,0
DA:408,0
DA:409,0
DA:412,0
DA:415,0
DA:419,0
DA:420,0
DA:422,0
DA:426,0
DA:429,0
DA:432,0
DA:434,0
DA:435,0
DA:436,0
DA:439,0
DA:440,0
DA:441,0
DA:442,0
DA:444,0
DA:445,0
DA:446,0
DA:453,0
DA:457,0
DA:458,0
DA:461,0
DA:465,0
DA:468,0
DA:469,0
DA:470,0
DA:471,0
DA:475,0
DA:482,0
DA:483,0
DA:484,0
DA:485,0
DA:489,0
DA:490,0
DA:496,0
DA:497,0
DA:503,0
DA:504,0
DA:505,0
DA:508,0
DA:510,0
DA:511,0
DA:516,0
DA:517,0
DA:519,0
DA:520,0
DA:522,0
DA:525,0
DA:526,0
DA:527,0
DA:528,0
DA:530,0
DA:533,0
DA:535,0
DA:536,0
DA:542,0
DA:543,0
DA:544,0
DA:545,0
DA:547,0
DA:549,0
DA:551,0
DA:554,0
DA:555,0
DA:559,0
DA:560,0
DA:562,0
DA:564,0
DA:566,0
DA:569,0
DA:570,0
DA:577,0
DA:578,0
DA:579,0
DA:580,0
DA:581,0
DA:582,0
DA:586,0
DA:587,0
DA:588,0
DA:590,0
DA:593,0
DA:594,0
DA:595,0
DA:596,0
DA:598,0
DA:601,0
DA:602,0
DA:606,0
DA:607,0
DA:608,0
DA:610,0
DA:612,0
DA:614,0
DA:617,0
DA:618,0
DA:619,0
DA:620,0
DA:628,0
DA:632,0
DA:633,0
DA:638,0
DA:642,0
DA:643,0
DA:644,0
DA:647,0
DA:648,0
DA:649,0
DA:658,0
DA:660,0
DA:661,0
DA:665,0
DA:670,0
DA:671,0
DA:673,0
DA:674,0
DA:675,0
DA:677,0
DA:684,0
DA:685,0
DA:687,0
DA:688,0
DA:689,0
DA:690,0
DA:693,0
DA:694,0
DA:695,0
DA:698,0
DA:700,0
DA:701,0
DA:702,0
DA:703,0
DA:706,0
DA:707,0
DA:708,0
DA:712,0
DA:713,0
DA:714,0
DA:719,0
DA:720,0
DA:721,0
DA:725,0
DA:726,0
DA:727,0
DA:728,0
DA:729,0
DA:733,0
DA:737,0
DA:739,0
DA:741,0
DA:744,0
DA:745,0
DA:748,0
DA:752,0
DA:754,0
DA:756,0
DA:759,0
DA:761,0
DA:762,0
DA:764,0
DA:766,0
DA:769,0
DA:771,0
DA:773,0
DA:775,0
DA:778,0
DA:784,0
DA:788,0
DA:790,0
DA:792,0
DA:795,0
DA:797,0
DA:798,0
DA:800,0
DA:802,0
DA:805,0
DA:807,0
DA:809,0
DA:811,0
DA:814,0
DA:820,0
DA:830,0
DA:832,0
DA:837,0
DA:840,0
LF:346
LH:9
end_of_record
SF:lib\features\auth\services\authorization_guard.dart
DA:11,0
DA:15,0
DA:17,0
DA:21,0
DA:25,1
DA:27,0
LF:6
LH:1
end_of_record
SF:lib\features\cheques\models\cheque.dart
DA:90,1
DA:128,1
DA:129,1
DA:130,1
DA:133,1
DA:134,3
DA:135,3
DA:140,1
DA:141,3
DA:142,3
DA:146,1
DA:147,1
DA:148,1
DA:149,1
DA:150,3
DA:151,2
DA:152,2
DA:153,1
DA:154,3
DA:155,1
DA:156,3
DA:157,1
DA:158,1
DA:159,3
DA:161,1
DA:162,1
DA:163,4
DA:165,1
DA:166,1
DA:167,1
DA:168,1
DA:169,1
DA:170,1
DA:171,1
DA:172,1
DA:173,1
DA:174,1
DA:175,3
DA:176,1
DA:177,3
DA:178,1
DA:179,3
DA:181,0
DA:182,3
DA:183,1
DA:184,1
DA:187,1
DA:188,2
DA:190,1
DA:192,3
DA:199,1
DA:200,1
DA:201,1
DA:202,1
DA:203,1
DA:204,2
DA:205,2
DA:206,1
DA:207,1
DA:208,1
DA:209,1
DA:210,1
DA:211,2
DA:212,2
DA:213,1
DA:214,1
DA:215,1
DA:216,1
DA:217,1
DA:218,1
DA:219,1
DA:220,1
DA:221,1
DA:222,2
DA:223,2
DA:224,1
DA:225,1
DA:226,1
DA:227,1
DA:228,2
DA:229,2
DA:230,2
DA:231,1
DA:232,1
DA:234,1
DA:235,1
DA:236,2
DA:237,2
DA:238,4
DA:245,1
DA:279,1
DA:280,0
DA:281,0
DA:282,0
DA:283,0
DA:284,0
DA:285,0
DA:286,0
DA:287,0
DA:288,0
DA:289,0
DA:290,0
DA:291,0
DA:292,0
DA:293,0
DA:294,0
DA:295,0
DA:296,0
DA:297,0
DA:298,0
DA:299,0
DA:300,0
DA:301,0
DA:302,0
DA:303,0
DA:304,0
DA:305,0
DA:306,0
DA:307,0
DA:308,0
DA:309,0
DA:310,0
DA:311,0
DA:318,1
DA:319,1
DA:320,1
DA:322,1
DA:324,1
DA:331,1
DA:332,1
DA:333,1
DA:335,1
DA:337,1
DA:339,1
DA:341,1
DA:343,1
LF:136
LH:103
end_of_record
SF:lib\core\licensing\activation\activation_service.dart
DA:16,0
DA:17,0
DA:21,0
DA:22,0
DA:24,0
DA:26,0
DA:30,2
DA:35,0
DA:36,0
DA:37,0
DA:38,0
DA:45,0
DA:46,0
DA:48,2
DA:50,4
DA:51,4
DA:55,4
DA:56,4
DA:57,10
DA:58,0
DA:61,4
DA:65,4
DA:66,2
DA:67,2
DA:69,2
DA:71,4
DA:74,2
DA:75,2
DA:76,2
DA:77,2
DA:82,2
DA:83,6
DA:88,12
DA:89,4
DA:90,8
LF:35
LH:22
end_of_record
SF:lib\core\licensing\activation\activation_transport.dart
DA:10,1
DA:14,0
DA:15,0
DA:19,2
DA:33,2
DA:64,0
DA:69,0
DA:70,0
DA:77,0
DA:79,0
DA:80,0
DA:81,0
DA:84,0
DA:85,0
DA:87,0
DA:92,0
DA:93,0
DA:97,0
DA:98,0
DA:100,0
DA:104,0
DA:107,0
DA:108,0
DA:109,0
DA:110,0
DA:111,0
DA:115,0
DA:120,0
DA:123,0
DA:125,0
DA:127,0
DA:128,0
DA:129,0
DA:130,0
DA:131,0
DA:132,0
DA:136,0
DA:137,0
DA:138,0
DA:139,0
DA:140,0
DA:144,0
DA:148,0
DA:154,0
DA:155,0
DA:157,0
DA:158,0
DA:159,0
DA:160,0
DA:161,0
DA:162,0
DA:163,0
DA:166,0
DA:168,0
DA:170,0
DA:173,0
DA:174,0
DA:176,0
DA:179,0
DA:180,0
DA:182,0
DA:183,0
DA:184,0
DA:185,0
DA:188,0
DA:192,0
DA:194,0
DA:196,0
DA:200,0
DA:207,0
DA:208,0
DA:210,0
DA:211,0
DA:219,0
DA:220,0
DA:221,0
DA:222,0
DA:227,0
DA:228,0
DA:230,0
DA:232,0
DA:235,0
DA:239,0
DA:240,0
DA:241,0
DA:243,0
DA:244,0
LF:87
LH:3
end_of_record
SF:lib\features\settings\services\workshop_settings_service.dart
DA:15,0
DA:17,0
DA:24,0
DA:25,0
DA:26,0
DA:27,0
DA:28,0
DA:31,0
DA:32,0
DA:33,0
DA:39,0
DA:40,0
DA:42,0
DA:43,0
DA:44,0
DA:46,0
DA:54,0
DA:55,0
DA:57,0
DA:59,0
DA:69,1
DA:71,1
DA:98,1
DA:99,1
DA:100,1
DA:101,1
DA:102,1
DA:103,1
DA:104,1
DA:106,1
DA:107,1
DA:108,1
DA:109,1
DA:111,1
DA:113,1
DA:114,1
DA:115,1
DA:116,1
DA:118,1
DA:119,1
DA:122,1
DA:127,2
DA:128,1
DA:129,2
DA:130,2
DA:152,1
DA:157,1
DA:158,4
DA:160,0
LF:49
LH:28
end_of_record
SF:lib\features\settings\models\workshop_settings.dart
DA:42,2
DA:65,1
DA:84,1
DA:85,0
DA:86,0
DA:87,0
DA:88,0
DA:89,0
DA:90,0
DA:91,0
DA:92,0
DA:93,0
DA:94,0
DA:95,0
DA:96,0
DA:97,0
DA:98,0
DA:99,0
DA:100,0
DA:101,0
DA:108,1
DA:109,1
DA:110,1
DA:111,1
DA:112,1
DA:113,1
DA:114,1
DA:115,1
DA:116,1
DA:117,1
DA:118,1
DA:119,1
DA:120,1
DA:121,1
DA:122,1
DA:123,1
DA:124,1
DA:125,1
DA:126,1
DA:133,1
DA:134,1
DA:135,4
DA:137,1
DA:138,4
DA:140,1
DA:141,2
DA:142,1
DA:143,1
DA:144,1
DA:145,1
DA:146,1
DA:147,1
DA:148,1
DA:149,1
DA:150,1
DA:151,2
DA:152,2
DA:153,1
DA:154,2
DA:155,2
DA:156,2
DA:157,2
DA:164,1
LF:63
LH:46
end_of_record
SF:lib\features\finance\models\monthly_expense.dart
DA:10,1
DA:20,10
DA:22,1
DA:23,1
DA:24,1
DA:25,1
DA:26,1
DA:27,1
DA:28,1
DA:29,1
DA:30,1
DA:34,1
DA:35,1
DA:36,2
DA:37,1
DA:38,2
DA:39,2
DA:40,2
DA:41,2
DA:42,2
LF:20
LH:20
end_of_record
SF:lib\features\finance\payments\models\payment.dart
DA:41,1
DA:64,1
DA:66,2
DA:69,1
DA:70,1
DA:71,2
DA:72,3
DA:75,1
DA:77,2
DA:80,2
DA:85,1
DA:86,1
DA:87,2
DA:88,2
DA:89,2
DA:90,2
DA:91,2
DA:92,2
DA:93,2
DA:94,2
DA:95,2
DA:96,2
DA:97,2
DA:98,2
DA:99,2
DA:100,2
DA:101,2
DA:102,2
DA:103,2
DA:110,1
DA:111,1
DA:112,1
DA:113,1
DA:114,1
DA:115,1
DA:116,1
DA:117,1
DA:118,1
DA:119,1
DA:120,2
DA:121,1
DA:122,1
DA:123,1
DA:124,1
DA:125,1
DA:126,1
DA:127,1
DA:128,1
DA:132,1
DA:151,1
DA:152,0
DA:153,0
DA:154,0
DA:155,0
DA:156,0
DA:157,0
DA:158,0
DA:159,0
DA:160,0
DA:161,0
DA:162,0
DA:163,0
DA:164,0
DA:165,0
DA:166,0
DA:167,0
DA:168,0
LF:67
LH:50
end_of_record
SF:lib\core\licensing\validation\periodic_license_validation_service.dart
DA:11,1
DA:25,1
DA:33,1
DA:34,1
DA:35,1
DA:36,1
DA:40,4
DA:41,4
DA:52,0
DA:57,0
DA:58,0
DA:59,0
DA:65,0
DA:69,0
DA:70,0
DA:71,0
DA:73,0
DA:80,0
DA:81,0
DA:82,0
DA:84,0
DA:85,0
DA:86,0
DA:87,0
DA:90,0
DA:91,0
DA:92,0
DA:95,0
DA:96,0
DA:100,0
DA:101,0
DA:103,0
DA:107,0
DA:108,0
DA:109,0
DA:110,0
DA:111,0
DA:112,0
DA:117,0
DA:118,0
DA:120,0
DA:121,0
DA:122,0
DA:123,0
DA:124,0
DA:127,0
DA:128,0
DA:131,0
DA:132,0
DA:135,0
DA:137,0
DA:141,0
DA:142,0
DA:144,0
DA:145,0
DA:146,0
DA:147,0
DA:154,0
DA:159,0
DA:162,0
DA:163,0
DA:164,0
DA:165,0
DA:169,0
DA:174,0
DA:181,0
DA:182,0
LF:67
LH:8
end_of_record
SF:lib\core\licensing\lifecycle\license_lifecycle_service.dart
DA:17,0
DA:18,0
DA:22,0
DA:23,0
DA:25,0
DA:27,0
DA:35,0
DA:41,0
DA:42,0
DA:44,0
DA:45,0
DA:46,0
DA:54,0
DA:55,0
DA:57,0
DA:59,0
DA:61,0
DA:62,0
DA:63,0
DA:70,0
DA:71,0
DA:74,0
DA:75,0
DA:78,0
DA:79,0
DA:80,0
DA:81,0
DA:84,0
DA:91,0
DA:92,0
DA:93,0
DA:95,0
DA:99,0
DA:102,0
DA:103,0
DA:104,0
DA:105,0
DA:107,0
DA:109,0
DA:115,0
DA:116,0
DA:123,0
DA:124,0
DA:125,0
LF:44
LH:0
end_of_record
SF:lib\core\licensing\lifecycle\license_lifecycle_transport.dart
DA:8,1
DA:13,0
DA:14,0
DA:18,0
DA:32,0
DA:62,0
DA:67,0
DA:68,0
DA:75,0
DA:77,0
DA:78,0
DA:81,0
DA:82,0
DA:84,0
DA:91,0
DA:92,0
DA:98,0
DA:100,0
DA:105,0
DA:109,0
DA:110,0
DA:111,0
DA:112,0
DA:117,0
DA:122,0
DA:128,0
DA:130,0
DA:132,0
DA:133,0
DA:134,0
DA:135,0
DA:136,0
DA:137,0
DA:142,0
DA:143,0
DA:144,0
DA:145,0
DA:146,0
DA:150,0
DA:154,0
DA:160,0
DA:162,0
DA:164,0
DA:165,0
DA:166,0
DA:167,0
DA:168,0
DA:169,0
DA:170,0
DA:173,0
DA:175,0
DA:177,0
DA:180,0
DA:181,0
DA:183,0
DA:186,0
DA:187,0
DA:189,0
DA:190,0
DA:191,0
DA:192,0
DA:195,0
DA:199,0
DA:201,0
DA:205,0
DA:209,0
DA:216,0
DA:217,0
DA:219,0
DA:220,0
DA:228,0
DA:229,0
DA:230,0
DA:231,0
DA:236,0
DA:237,0
DA:239,0
DA:240,0
DA:243,0
DA:246,0
DA:250,0
DA:251,0
DA:252,0
DA:253,0
DA:256,0
DA:257,0
LF:86
LH:1
end_of_record
SF:lib\core\licensing\lifecycle\license_runtime_service.dart
DA:13,0
DA:18,0
DA:19,0
DA:23,1
DA:33,0
DA:34,0
DA:43,0
DA:46,0
DA:48,0
DA:53,0
DA:56,0
DA:57,0
DA:60,0
DA:66,0
DA:70,0
DA:71,0
DA:77,0
DA:81,0
DA:82,0
DA:85,0
DA:86,0
DA:91,0
DA:92,0
DA:93,0
DA:98,0
DA:99,0
DA:104,0
DA:105,0
DA:111,0
DA:112,0
DA:116,0
DA:123,0
DA:125,0
DA:126,0
DA:127,0
DA:128,0
DA:130,0
DA:134,0
DA:135,0
DA:136,0
DA:137,0
DA:142,0
DA:143,0
DA:146,0
DA:147,0
DA:148,0
DA:149,0
DA:153,0
DA:156,0
DA:157,0
DA:158,0
DA:159,0
DA:161,0
DA:162,0
DA:167,0
DA:171,0
DA:172,0
DA:173,0
DA:175,0
DA:177,0
DA:179,0
DA:181,0
DA:185,0
DA:187,0
DA:188,0
DA:189,0
DA:190,0
DA:195,0
DA:197,0
DA:199,0
DA:207,0
DA:213,0
DA:214,0
DA:215,0
DA:217,0
DA:219,0
DA:220,0
DA:221,0
DA:222,0
DA:223,0
DA:225,0
DA:226,0
DA:228,0
LF:83
LH:1
end_of_record
SF:lib\features\auth\services\commercial_access_gate_service.dart
DA:12,0
DA:13,0
DA:14,0
DA:18,1
DA:34,1
DA:39,1
DA:48,1
DA:52,1
DA:71,1
DA:74,0
DA:76,0
DA:81,1
DA:82,2
DA:89,2
DA:90,1
DA:93,2
DA:96,2
DA:103,2
DA:104,2
DA:111,3
DA:112,3
DA:113,3
DA:120,2
DA:121,1
DA:128,1
DA:130,1
DA:134,2
DA:135,4
DA:142,1
DA:144,1
DA:146,1
DA:149,2
DA:156,4
DA:157,1
DA:164,1
DA:166,1
DA:168,2
DA:171,2
DA:178,1
DA:184,2
DA:186,1
DA:188,3
DA:189,1
DA:196,2
DA:197,2
DA:204,1
DA:206,1
DA:210,2
DA:211,4
DA:212,4
DA:218,1
DA:219,5
DA:226,1
DA:227,1
DA:236,2
DA:242,3
DA:248,3
DA:249,3
DA:250,3
DA:257,1
DA:258,1
DA:259,0
DA:260,0
DA:265,2
DA:266,2
DA:270,1
DA:271,1
DA:274,1
DA:275,0
DA:276,0
DA:277,0
DA:288,2
DA:289,2
DA:291,1
LF:74
LH:64
end_of_record
SF:lib\core\licensing\entitlements\commercial_entitlement_policy.dart
DA:4,1
DA:14,1
DA:15,1
DA:21,1
DA:24,1
DA:36,0
DA:38,2
DA:39,2
DA:41,4
DA:48,2
DA:49,4
DA:56,2
DA:57,4
DA:64,4
DA:65,4
DA:66,2
DA:67,2
DA:74,2
DA:75,4
DA:84,2
DA:95,0
DA:96,0
DA:97,0
DA:98,0
DA:101,0
DA:102,0
DA:103,0
DA:104,0
DA:105,0
LF:29
LH:19
end_of_record
SF:lib\features\repairs\services\repair_auto_accounting_service.dart
DA:17,0
DA:24,1
DA:26,2
DA:27,0
DA:30,3
DA:32,1
DA:34,1
DA:35,1
DA:39,1
DA:40,2
DA:41,2
DA:42,0
DA:43,0
DA:44,0
DA:45,0
DA:46,0
DA:47,0
DA:49,0
DA:53,1
DA:58,1
DA:60,3
DA:62,1
DA:63,1
DA:65,3
DA:68,2
DA:71,1
DA:72,1
DA:73,1
DA:74,1
DA:75,0
DA:76,0
DA:80,0
DA:84,0
DA:87,0
DA:89,0
DA:92,0
DA:93,0
DA:106,0
DA:112,0
DA:116,0
DA:118,0
DA:119,0
DA:120,0
DA:122,0
DA:123,0
DA:124,0
DA:129,0
DA:131,0
DA:134,0
DA:136,0
DA:137,0
DA:138,0
DA:140,0
DA:143,0
DA:144,0
DA:145,0
DA:146,0
DA:147,0
DA:150,0
DA:151,0
DA:152,0
DA:153,0
DA:155,0
DA:156,0
DA:157,0
DA:158,0
DA:159,0
DA:160,0
DA:161,0
DA:162,0
DA:163,0
DA:167,0
DA:168,0
DA:169,0
DA:170,0
DA:171,0
DA:174,0
DA:178,0
DA:182,0
DA:185,0
DA:186,0
DA:189,0
DA:191,0
DA:194,0
DA:195,0
DA:199,0
DA:204,0
DA:205,0
DA:206,0
DA:208,0
DA:210,0
DA:216,0
DA:218,0
DA:220,0
DA:225,0
DA:226,0
DA:233,0
DA:234,0
DA:236,0
DA:237,0
DA:240,0
DA:244,0
DA:249,0
DA:250,0
DA:253,0
DA:257,0
DA:260,0
DA:264,0
DA:267,0
DA:271,0
DA:275,0
DA:278,0
DA:279,0
DA:280,0
DA:283,0
DA:293,0
DA:294,0
DA:296,0
DA:297,0
DA:298,0
DA:299,0
DA:301,0
DA:302,0
DA:303,0
DA:308,0
DA:312,0
DA:320,0
DA:321,0
DA:326,0
DA:330,0
DA:339,0
DA:341,0
DA:349,0
DA:353,0
DA:354,0
DA:358,0
DA:364,0
DA:371,0
DA:374,0
DA:375,0
DA:378,0
DA:383,0
DA:390,0
DA:391,0
DA:394,0
DA:395,0
DA:396,0
DA:398,0
DA:400,0
DA:404,0
DA:408,0
DA:413,0
DA:424,0
DA:428,0
DA:430,0
DA:433,0
DA:436,0
DA:438,0
DA:439,0
DA:440,0
DA:442,0
DA:443,0
DA:444,0
DA:447,0
DA:448,0
DA:449,0
DA:450,0
DA:451,0
DA:452,0
DA:453,0
DA:454,0
DA:455,0
DA:457,0
DA:461,0
DA:466,0
DA:467,0
DA:469,0
DA:477,0
DA:478,0
DA:480,0
DA:481,0
DA:482,0
DA:483,0
DA:484,0
DA:485,0
DA:486,0
DA:487,0
DA:488,0
DA:489,0
DA:490,0
DA:491,0
DA:492,0
DA:493,0
DA:494,0
DA:495,0
DA:496,0
DA:497,0
DA:500,0
DA:506,0
DA:516,0
DA:518,0
DA:519,0
DA:521,0
DA:523,0
DA:535,0
DA:537,0
DA:538,0
DA:539,0
DA:551,0
DA:552,0
DA:553,0
DA:555,0
DA:556,0
DA:557,0
DA:558,0
DA:561,0
DA:570,0
DA:574,0
DA:575,0
DA:576,0
DA:578,0
DA:581,0
DA:584,0
DA:586,0
DA:587,0
DA:590,0
DA:594,0
DA:595,0
DA:603,0
DA:615,0
DA:617,0
DA:618,0
DA:619,0
DA:620,0
DA:623,0
DA:627,0
DA:628,0
DA:629,0
DA:630,0
DA:631,0
DA:632,0
DA:634,0
DA:636,0
DA:638,0
DA:639,0
DA:641,0
DA:644,0
DA:650,0
DA:652,0
DA:665,0
LF:250
LH:20
end_of_record
SF:lib\features\finance\invoices\services\invoice_service.dart
DA:21,0
DA:22,0
DA:23,0
DA:30,0
DA:31,0
DA:33,0
DA:53,0
DA:55,0
DA:57,0
DA:59,0
DA:66,0
DA:67,0
DA:68,0
DA:71,0
DA:73,0
DA:76,0
DA:77,0
DA:78,0
DA:80,0
DA:83,0
DA:87,0
DA:93,0
DA:94,0
DA:95,0
DA:97,0
DA:98,0
DA:100,0
DA:102,0
DA:105,0
DA:107,0
DA:108,0
DA:110,0
DA:116,0
DA:128,0
DA:129,0
DA:132,0
DA:133,0
DA:136,0
DA:138,0
DA:139,0
DA:141,0
DA:142,0
DA:143,0
DA:145,0
DA:147,0
DA:150,0
DA:161,0
DA:165,0
DA:166,0
DA:167,0
DA:171,0
DA:188,0
DA:202,0
DA:206,0
DA:207,0
DA:223,0
DA:224,0
DA:225,0
DA:229,0
DA:245,0
DA:260,0
DA:262,0
DA:263,0
DA:264,0
DA:266,0
DA:267,0
DA:271,0
DA:273,0
DA:274,0
DA:275,0
DA:279,0
DA:282,0
DA:286,0
DA:287,0
DA:288,0
DA:290,0
DA:292,0
DA:294,0
DA:298,0
DA:299,0
DA:300,0
DA:301,0
DA:302,0
DA:303,0
DA:305,0
DA:306,0
DA:307,0
DA:308,0
DA:314,0
DA:315,0
DA:317,0
DA:319,0
DA:322,0
DA:325,0
DA:328,0
DA:330,0
DA:332,0
DA:339,0
DA:341,0
DA:342,0
DA:343,0
DA:344,0
DA:345,0
DA:346,0
DA:347,0
DA:348,0
DA:349,0
DA:350,0
DA:353,0
DA:357,0
DA:369,0
DA:372,0
DA:374,0
DA:379,0
DA:383,0
DA:385,0
DA:387,0
DA:393,0
DA:394,0
DA:396,0
DA:398,0
DA:401,0
DA:420,0
DA:432,0
DA:435,0
DA:437,0
DA:442,0
DA:446,0
DA:448,0
DA:450,0
DA:456,0
DA:460,0
DA:464,0
DA:467,0
DA:469,0
DA:470,0
DA:472,0
DA:473,0
DA:474,0
DA:476,0
DA:480,0
DA:484,0
DA:485,0
DA:495,0
DA:508,0
DA:509,0
DA:510,0
DA:515,0
DA:518,0
DA:521,0
DA:522,0
DA:523,0
DA:524,0
DA:527,0
DA:528,0
DA:529,0
DA:530,0
DA:531,0
DA:532,0
DA:533,0
DA:534,0
DA:535,0
DA:536,0
DA:537,0
DA:538,0
DA:541,0
DA:542,0
DA:544,0
DA:548,0
DA:556,0
DA:557,0
DA:558,0
DA:559,0
DA:560,0
DA:563,0
DA:571,0
DA:572,0
DA:573,0
DA:575,0
DA:576,0
DA:578,0
DA:580,0
DA:584,0
DA:585,0
DA:588,0
DA:590,0
DA:592,0
DA:595,0
DA:599,0
DA:601,0
DA:607,0
DA:609,0
DA:610,0
DA:612,0
DA:615,0
DA:623,0
DA:624,0
DA:627,0
DA:633,0
DA:642,0
DA:644,0
DA:655,0
DA:658,0
DA:668,0
DA:670,0
DA:682,0
DA:688,0
DA:690,0
DA:693,0
DA:695,0
DA:696,0
DA:699,0
DA:700,0
DA:702,0
DA:704,0
DA:707,0
DA:709,0
DA:711,0
DA:712,0
DA:715,0
DA:717,0
DA:719,0
DA:722,0
DA:724,0
DA:726,0
DA:727,0
LF:226
LH:0
end_of_record
SF:lib\core\utils\yalla_digits.dart
DA:6,0
DA:8,1
DA:11,1
DA:12,2
DA:13,1
DA:14,1
DA:15,1
DA:16,1
DA:19,1
DA:20,1
DA:21,1
DA:24,1
DA:26,1
DA:29,0
DA:34,0
DA:35,0
DA:36,0
DA:38,0
DA:40,0
LF:19
LH:12
end_of_record
SF:lib\features\vehicles\models\vehicle.dart
DA:2,2
DA:30,1
DA:31,1
DA:33,2
DA:36,1
DA:38,1
DA:39,2
DA:40,2
DA:43,1
DA:44,2
DA:45,2
DA:46,2
DA:47,2
DA:48,2
DA:49,2
DA:50,2
DA:51,2
DA:52,2
DA:53,2
DA:54,2
DA:55,2
DA:59,2
DA:73,2
DA:74,1
DA:75,1
DA:76,1
DA:77,1
DA:78,1
DA:79,1
DA:80,1
DA:81,1
DA:82,1
DA:83,0
DA:84,1
DA:85,1
LF:35
LH:34
end_of_record
SF:lib\core\design\yalla_breakpoints.dart
DA:9,1
DA:10,1
DA:13,1
DA:19,0
DA:20,0
DA:23,0
DA:24,0
DA:27,0
DA:28,0
DA:31,0
DA:32,0
DA:37,1
DA:38,1
DA:39,1
DA:40,1
DA:41,1
DA:45,0
DA:46,0
LF:18
LH:8
end_of_record
SF:lib\core\services\sync\outbox_sync_coordinator.dart
DA:14,1
DA:33,1
DA:38,0
DA:39,0
DA:49,0
DA:51,0
DA:52,0
DA:53,0
DA:54,0
DA:55,0
DA:56,0
DA:57,0
DA:60,0
DA:61,0
DA:62,0
DA:63,0
DA:66,0
DA:67,0
DA:68,0
DA:71,0
DA:73,0
DA:74,0
DA:78,1
DA:82,3
DA:83,0
DA:84,1
DA:86,2
DA:89,2
DA:90,1
DA:91,1
DA:94,1
DA:102,1
DA:103,1
DA:104,1
DA:105,2
DA:106,2
DA:108,0
DA:110,1
DA:113,1
DA:118,2
DA:119,2
DA:120,1
DA:121,0
DA:122,0
DA:127,1
DA:129,2
DA:130,1
DA:131,2
DA:132,1
DA:133,1
DA:136,3
DA:138,1
DA:143,3
DA:149,2
DA:150,1
DA:151,1
DA:152,1
DA:155,1
DA:157,1
DA:158,3
DA:160,1
DA:161,0
DA:164,0
DA:166,0
DA:167,0
DA:169,1
DA:170,0
DA:173,0
DA:175,0
DA:176,0
DA:179,1
DA:182,1
DA:184,1
DA:185,3
DA:190,1
DA:191,2
DA:192,2
DA:193,4
DA:194,4
DA:195,0
DA:198,1
DA:201,1
LF:82
LH:49
end_of_record
SF:lib\core\services\sync\outbox_sync_transport.dart
DA:4,1
DA:24,1
DA:25,1
DA:26,3
DA:27,1
DA:28,0
DA:33,2
DA:34,1
DA:38,1
DA:39,1
DA:40,1
DA:41,1
DA:42,1
DA:43,1
DA:44,1
DA:45,1
DA:46,2
DA:52,1
DA:73,1
DA:77,1
DA:78,2
LF:21
LH:20
end_of_record
SF:lib\core\services\sync\sync_state_service.dart
DA:20,1
DA:30,1
DA:47,1
DA:57,1
DA:58,0
DA:59,1
DA:60,1
DA:61,1
DA:62,1
DA:63,1
DA:64,0
DA:71,1
DA:75,0
DA:88,0
DA:89,3
DA:91,0
DA:92,0
DA:93,0
DA:95,0
DA:96,0
DA:99,0
DA:101,0
DA:102,0
DA:106,1
DA:107,1
DA:108,1
DA:109,0
DA:113,1
DA:115,0
DA:116,1
DA:117,2
DA:119,2
DA:121,1
DA:123,0
DA:127,3
DA:129,1
DA:130,1
DA:131,1
DA:132,1
DA:134,2
DA:137,0
DA:141,1
DA:145,5
DA:154,1
DA:155,5
DA:162,1
DA:163,5
DA:169,1
DA:170,5
DA:176,2
DA:181,0
DA:182,0
DA:183,0
DA:184,0
DA:185,0
DA:186,0
LF:56
LH:34
end_of_record
SF:lib\features\clients\services\client_service.dart
DA:14,0
DA:18,0
DA:19,0
DA:23,0
DA:40,1
DA:41,1
DA:52,1
DA:54,1
DA:57,1
DA:60,1
DA:61,1
DA:62,4
DA:64,1
DA:67,1
DA:74,0
DA:75,0
DA:76,0
DA:78,0
DA:80,0
DA:81,0
DA:84,0
DA:87,0
DA:89,0
DA:93,0
DA:98,0
DA:99,0
DA:100,0
DA:104,0
DA:105,0
DA:106,0
DA:107,0
DA:108,0
DA:109,0
DA:119,0
DA:125,0
DA:126,0
DA:128,0
DA:130,0
DA:135,0
DA:136,0
DA:138,0
DA:140,0
DA:141,0
DA:145,0
DA:148,0
DA:149,0
DA:153,0
DA:156,0
DA:157,0
DA:158,0
DA:163,0
DA:164,0
DA:165,0
DA:169,0
DA:170,0
DA:171,0
DA:172,0
DA:173,0
DA:174,0
DA:183,0
DA:185,0
DA:192,0
DA:193,0
DA:194,0
DA:196,0
DA:197,0
DA:199,0
DA:203,0
DA:204,0
DA:206,0
DA:211,0
DA:212,0
DA:218,0
DA:219,0
DA:222,0
DA:225,0
DA:227,0
DA:230,0
DA:233,0
DA:234,0
DA:235,0
DA:240,0
DA:241,0
DA:242,0
DA:246,0
DA:255,0
DA:256,0
DA:257,0
DA:258,0
DA:259,0
DA:262,0
DA:263,0
DA:264,0
DA:265,0
DA:268,0
DA:271,0
DA:276,2
DA:277,4
DA:278,4
DA:282,2
DA:283,2
DA:284,2
DA:285,2
DA:286,4
DA:287,2
DA:290,2
DA:296,2
DA:297,2
DA:300,2
DA:302,4
DA:315,2
DA:316,4
DA:324,0
DA:329,1
DA:330,1
DA:333,2
DA:341,2
DA:342,2
DA:343,1
DA:344,0
DA:345,0
DA:348,0
DA:353,0
DA:354,0
DA:355,0
DA:364,1
DA:369,1
DA:376,1
DA:378,1
DA:379,1
DA:380,1
DA:389,1
DA:394,1
DA:395,1
DA:396,1
DA:400,1
DA:401,1
DA:409,0
DA:410,0
DA:411,0
DA:415,0
DA:416,0
DA:417,0
DA:418,0
DA:424,0
DA:428,0
DA:429,0
DA:430,0
DA:431,0
DA:432,0
DA:436,0
DA:442,0
DA:443,0
DA:445,0
DA:446,0
DA:448,0
DA:449,0
DA:450,0
DA:453,0
DA:454,0
DA:455,0
DA:456,0
DA:457,0
DA:460,0
DA:461,0
DA:462,0
DA:465,0
DA:467,0
DA:473,0
DA:478,0
DA:479,0
DA:480,0
DA:481,0
DA:482,0
DA:486,0
DA:487,0
DA:488,0
DA:489,0
DA:490,0
DA:494,0
DA:495,0
DA:496,0
DA:497,0
DA:505,0
DA:511,0
DA:512,0
DA:513,0
DA:514,0
DA:518,0
DA:521,0
DA:522,0
DA:523,0
DA:526,0
DA:527,0
DA:528,0
DA:529,0
DA:530,0
DA:534,0
DA:536,0
DA:538,0
DA:541,0
DA:542,0
DA:543,0
DA:546,0
DA:549,0
DA:552,0
DA:553,0
DA:555,0
DA:556,0
DA:558,0
DA:563,0
DA:567,0
DA:571,0
DA:581,0
DA:586,0
DA:588,0
DA:590,0
DA:591,0
DA:592,0
DA:594,0
DA:595,0
DA:601,0
DA:602,0
DA:603,0
DA:607,0
DA:610,0
DA:611,0
DA:613,0
DA:614,0
LF:229
LH:44
end_of_record
SF:lib\features\vehicles\services\vehicle_service.dart
DA:11,0
DA:15,0
DA:16,0
DA:20,0
DA:22,0
DA:23,0
DA:24,0
DA:31,0
DA:32,0
DA:33,0
DA:34,0
DA:35,0
DA:39,0
DA:40,0
DA:41,0
DA:47,0
DA:48,0
DA:49,0
DA:50,0
DA:56,0
DA:57,0
DA:59,0
DA:60,0
DA:61,0
DA:62,0
DA:63,0
DA:64,0
DA:67,0
DA:68,0
DA:70,0
DA:71,0
DA:74,1
DA:79,1
DA:80,1
DA:83,1
DA:86,0
DA:87,0
DA:90,1
DA:97,1
DA:99,2
DA:100,1
DA:101,0
DA:102,0
DA:105,0
DA:106,0
DA:107,0
DA:109,0
DA:112,0
DA:113,0
DA:115,0
DA:116,0
DA:117,0
DA:118,0
DA:119,0
DA:120,0
DA:121,0
DA:128,0
DA:133,0
DA:134,0
DA:135,0
DA:139,0
DA:140,0
DA:141,0
DA:142,0
DA:152,0
DA:153,0
DA:155,0
DA:158,0
DA:159,0
DA:161,0
DA:165,0
DA:168,0
DA:169,0
DA:171,0
DA:172,0
DA:173,0
DA:174,0
DA:175,0
DA:176,0
DA:177,0
DA:181,0
DA:184,0
DA:185,0
DA:190,0
DA:191,0
DA:192,0
DA:196,0
DA:197,0
DA:198,0
DA:199,0
DA:208,1
DA:215,1
DA:216,1
DA:217,0
DA:220,1
DA:224,1
DA:228,3
DA:230,1
DA:231,0
DA:232,0
DA:234,0
DA:235,0
DA:236,0
DA:238,0
DA:240,0
DA:241,0
DA:242,0
DA:243,0
DA:244,0
DA:245,0
DA:248,0
DA:253,1
DA:255,1
DA:257,1
DA:258,1
DA:259,1
DA:268,1
DA:273,1
DA:274,1
DA:275,1
DA:279,1
DA:280,1
DA:281,1
DA:289,0
DA:290,0
DA:291,0
DA:295,0
DA:298,0
DA:300,0
DA:301,0
DA:306,0
DA:310,0
DA:311,0
DA:312,0
DA:314,0
DA:321,0
DA:322,0
DA:323,0
DA:324,0
DA:328,0
LF:140
LH:27
end_of_record
SF:lib\features\clients\models\client.dart
DA:14,1
DA:24,1
DA:25,1
DA:26,1
DA:27,3
DA:28,2
DA:29,2
DA:30,2
DA:31,2
DA:32,2
DA:33,2
DA:37,1
DA:38,1
DA:39,3
DA:40,2
DA:41,2
DA:42,2
DA:43,2
DA:44,2
DA:45,2
DA:49,1
DA:58,1
DA:59,1
DA:60,1
DA:61,1
DA:62,1
DA:63,1
DA:64,1
DA:65,1
DA:69,4
DA:70,4
DA:71,2
DA:73,3
DA:75,1
DA:76,1
DA:77,2
DA:78,4
DA:82,1
DA:84,8
DA:86,1
DA:89,1
DA:90,3
DA:91,3
DA:92,3
DA:93,3
DA:94,3
DA:95,3
DA:96,3
DA:98,1
DA:99,8
LF:50
LH:50
end_of_record
SF:lib\features\repairs\models\repair.dart
DA:32,1
DA:34,2
DA:35,2
DA:51,1
DA:64,1
DA:65,1
DA:66,2
DA:69,2
DA:70,1
DA:71,1
DA:72,1
DA:73,1
DA:74,1
DA:75,1
DA:76,1
DA:77,1
DA:78,1
DA:79,1
DA:82,2
DA:83,2
DA:84,3
DA:85,3
DA:86,2
DA:87,2
DA:88,2
DA:89,2
DA:90,2
DA:91,2
DA:92,2
DA:95,1
DA:97,2
DA:98,2
DA:114,1
DA:123,1
DA:124,2
DA:125,2
DA:128,2
DA:129,1
DA:130,1
DA:131,1
DA:132,1
DA:133,1
DA:134,1
DA:137,2
DA:138,2
DA:139,3
DA:140,2
DA:141,2
DA:142,2
DA:143,2
DA:144,2
DA:145,2
DA:148,1
DA:150,2
DA:236,2
DA:286,1
DA:334,1
DA:335,0
DA:336,0
DA:337,0
DA:338,0
DA:339,0
DA:340,0
DA:341,0
DA:342,0
DA:343,0
DA:344,0
DA:345,0
DA:346,0
DA:347,0
DA:348,0
DA:349,0
DA:350,0
DA:351,0
DA:353,0
DA:354,0
DA:355,0
DA:356,0
DA:357,0
DA:358,0
DA:359,0
DA:360,0
DA:361,0
DA:362,0
DA:363,0
DA:364,0
DA:365,0
DA:366,0
DA:367,0
DA:368,0
DA:369,0
DA:370,0
DA:371,0
DA:372,0
DA:373,0
DA:374,0
DA:375,0
DA:376,0
DA:377,0
DA:378,0
DA:379,0
DA:380,0
DA:381,0
DA:386,2
DA:387,1
DA:388,1
DA:389,1
DA:390,1
DA:391,1
DA:392,2
DA:393,1
DA:394,1
DA:395,1
DA:396,1
DA:397,1
DA:398,1
DA:399,1
DA:400,1
DA:401,2
DA:402,2
DA:403,1
DA:404,2
DA:405,2
DA:406,1
DA:407,2
DA:408,1
DA:409,1
DA:410,1
DA:411,2
DA:412,1
DA:413,2
DA:414,1
DA:415,1
DA:416,1
DA:417,2
DA:418,1
DA:419,1
DA:420,1
DA:421,1
DA:422,1
DA:423,1
DA:424,1
DA:425,1
DA:426,1
DA:429,1
DA:433,1
DA:434,1
DA:436,1
DA:437,1
DA:438,2
DA:440,2
DA:441,1
DA:442,1
DA:443,0
DA:444,1
DA:447,1
DA:448,0
DA:450,2
DA:451,1
DA:453,1
DA:457,1
DA:458,0
DA:460,2
DA:461,1
DA:463,1
DA:467,1
DA:470,2
DA:472,4
DA:473,1
DA:479,1
DA:482,2
DA:484,4
DA:485,1
DA:491,1
DA:493,1
DA:494,2
DA:497,2
DA:499,2
DA:500,2
DA:502,1
DA:503,2
DA:505,1
DA:507,1
DA:508,3
DA:509,1
DA:514,1
DA:515,2
DA:516,3
DA:517,3
DA:518,3
DA:519,3
DA:521,3
DA:522,1
DA:525,3
DA:527,3
DA:528,3
DA:530,3
DA:531,3
DA:532,3
DA:535,3
DA:536,2
DA:538,3
DA:540,3
DA:541,3
DA:542,3
DA:545,2
DA:546,1
DA:548,2
DA:549,2
DA:550,2
DA:551,2
DA:552,2
DA:553,0
DA:554,0
DA:556,2
DA:559,2
DA:560,2
DA:561,2
DA:566,3
DA:568,2
DA:569,2
DA:571,2
DA:572,2
DA:576,3
DA:577,1
DA:578,2
DA:581,2
DA:582,2
DA:583,2
DA:584,3
DA:585,2
DA:586,2
DA:589,4
DA:590,2
DA:591,2
DA:592,2
DA:594,4
DA:596,4
DA:597,2
DA:599,3
DA:607,1
DA:608,2
DA:609,1
DA:610,3
DA:611,1
DA:612,3
DA:615,2
DA:618,1
DA:619,5
DA:621,1
DA:622,5
DA:627,2
DA:632,2
DA:634,1
DA:635,3
DA:636,1
DA:639,1
DA:640,3
DA:641,1
DA:644,3
DA:647,4
DA:649,1
DA:650,2
DA:651,2
DA:652,3
DA:656,4
DA:657,2
DA:658,1
DA:660,2
DA:662,1
DA:663,1
DA:664,1
DA:666,1
DA:668,1
DA:670,1
DA:675,1
DA:676,1
DA:677,1
DA:679,1
DA:680,1
DA:682,1
DA:687,2
DA:689,1
DA:690,2
DA:691,2
DA:692,2
DA:693,2
DA:694,2
DA:695,2
DA:698,5
DA:701,1
DA:702,4
LF:292
LH:241
end_of_record
SF:lib\features\repairs\services\repair_database_service.dart
DA:28,0
DA:29,0
DA:31,0
DA:37,0
DA:39,0
DA:40,0
DA:43,0
DA:44,0
DA:46,0
DA:47,0
DA:49,0
DA:50,0
DA:51,0
DA:53,0
DA:54,0
DA:56,0
DA:57,0
DA:60,0
DA:61,0
DA:64,0
DA:66,0
DA:67,0
DA:68,0
DA:69,0
DA:73,0
DA:76,0
DA:78,0
DA:79,0
DA:80,0
DA:86,0
DA:87,0
DA:89,0
DA:93,0
DA:99,0
DA:102,0
DA:105,0
DA:106,0
DA:108,0
DA:112,0
DA:113,0
DA:115,0
DA:116,0
DA:119,0
DA:120,0
DA:121,0
DA:122,0
DA:123,0
DA:131,0
DA:132,0
DA:134,0
DA:137,0
DA:138,0
DA:140,0
DA:142,0
DA:145,0
DA:147,0
DA:149,0
DA:151,0
DA:152,0
DA:155,0
DA:156,0
DA:157,0
DA:161,0
DA:162,0
DA:163,0
DA:164,0
DA:165,0
DA:166,0
DA:167,0
DA:168,0
DA:169,0
DA:170,0
DA:171,0
DA:172,0
DA:173,0
DA:174,0
DA:175,0
DA:176,0
DA:177,0
DA:178,0
DA:179,0
DA:180,0
DA:181,0
DA:182,0
DA:183,0
DA:184,0
DA:185,0
DA:186,0
DA:187,0
DA:188,0
DA:191,0
DA:192,0
DA:193,0
DA:194,0
DA:196,0
DA:197,0
DA:206,0
DA:207,0
DA:209,0
DA:210,0
DA:212,0
DA:213,0
DA:215,0
DA:216,0
DA:217,0
DA:219,0
DA:226,0
DA:232,0
DA:234,0
DA:239,0
DA:254,0
DA:255,0
DA:258,0
DA:261,0
DA:262,0
DA:270,0
DA:276,0
DA:277,0
DA:280,0
DA:284,0
DA:286,0
DA:288,0
DA:290,0
DA:292,0
DA:293,0
DA:294,0
DA:296,0
DA:297,0
DA:299,0
DA:300,0
DA:303,0
DA:306,0
DA:311,0
DA:312,0
DA:317,0
DA:319,0
DA:321,0
DA:324,0
DA:330,0
DA:341,0
DA:342,0
DA:344,0
DA:345,0
DA:347,0
DA:348,0
DA:350,0
DA:351,0
DA:352,0
DA:354,0
DA:360,0
DA:365,0
DA:369,0
DA:373,0
DA:377,0
DA:379,0
DA:390,0
DA:391,0
DA:392,0
DA:396,1
DA:401,1
DA:405,1
DA:409,1
DA:410,0
DA:414,6
DA:415,1
DA:417,3
DA:419,1
DA:421,1
DA:426,1
DA:429,1
DA:430,1
DA:436,1
DA:437,1
DA:449,0
DA:451,0
DA:457,0
DA:458,0
DA:465,0
DA:466,0
DA:467,0
DA:473,0
DA:476,0
DA:477,0
DA:479,0
DA:480,0
DA:481,0
DA:484,0
DA:486,0
DA:487,0
DA:488,0
DA:495,0
DA:502,0
DA:503,0
DA:505,0
DA:506,0
DA:507,0
DA:510,0
DA:513,0
DA:514,0
DA:521,0
DA:523,0
DA:524,0
DA:525,0
DA:530,0
DA:532,0
DA:533,0
DA:536,0
DA:543,0
LF:208
LH:14
end_of_record
SF:lib\core\services\accounting_gl.dart
DA:54,0
DA:55,0
DA:58,0
DA:59,0
DA:62,0
DA:63,0
DA:66,0
DA:67,0
DA:69,0
DA:70,0
DA:72,0
DA:73,0
DA:74,0
DA:78,0
DA:86,0
DA:96,0
DA:97,0
DA:99,0
DA:105,0
DA:113,0
DA:114,0
DA:118,0
DA:121,0
DA:122,0
DA:123,0
DA:124,0
DA:125,0
DA:126,0
DA:128,0
DA:134,0
DA:140,0
DA:141,0
DA:142,0
DA:145,0
DA:146,0
DA:149,0
DA:150,0
DA:153,0
DA:157,0
DA:158,0
DA:160,0
DA:161,0
DA:165,0
DA:170,0
DA:171,0
DA:172,0
DA:173,0
DA:176,0
DA:179,0
DA:185,0
DA:190,0
DA:195,0
DA:200,0
DA:202,0
DA:205,0
DA:206,0
DA:208,0
DA:209,0
DA:212,0
DA:213,0
DA:216,0
DA:224,0
DA:226,0
DA:228,0
DA:230,0
DA:231,0
DA:232,0
DA:233,0
DA:234,0
DA:236,0
DA:240,0
DA:248,0
DA:253,0
DA:254,0
DA:258,0
DA:264,0
DA:265,0
DA:269,0
DA:272,0
DA:273,0
DA:276,0
DA:277,0
DA:280,0
DA:284,0
DA:285,0
DA:287,0
DA:288,0
DA:289,0
DA:293,0
DA:297,0
DA:298,0
DA:299,0
DA:302,0
DA:303,0
DA:306,0
DA:307,0
DA:310,0
DA:319,0
DA:322,0
DA:324,0
DA:325,0
DA:326,0
DA:327,0
DA:329,0
DA:331,0
DA:335,0
DA:339,0
DA:341,0
DA:342,0
DA:343,0
DA:345,0
DA:348,0
DA:356,0
DA:357,0
DA:358,0
DA:359,0
DA:360,0
DA:362,0
DA:370,0
DA:372,0
DA:373,0
DA:379,0
DA:381,0
DA:382,0
DA:384,0
DA:386,0
DA:387,0
DA:389,0
DA:390,0
DA:394,0
DA:395,0
DA:398,0
DA:400,0
DA:402,0
DA:407,0
DA:408,0
LF:136
LH:0
end_of_record
SF:lib\features\finance\payments\services\payment_service.dart
DA:28,0
DA:39,0
DA:59,0
DA:60,0
DA:82,0
DA:83,0
DA:86,0
DA:93,0
DA:94,0
DA:95,0
DA:96,0
DA:99,0
DA:100,0
DA:101,0
DA:102,0
DA:103,0
DA:104,0
DA:105,0
DA:106,0
DA:110,0
DA:111,0
DA:112,0
DA:133,0
DA:134,0
DA:135,0
DA:137,0
DA:139,0
DA:140,0
DA:144,0
DA:147,0
DA:151,0
DA:153,0
DA:155,0
DA:157,0
DA:159,0
DA:166,0
DA:170,0
DA:172,0
DA:174,0
DA:177,0
DA:179,0
DA:180,0
DA:183,0
DA:185,0
DA:186,0
DA:188,0
DA:190,0
DA:191,0
DA:193,0
DA:195,0
DA:196,0
DA:197,0
DA:198,0
DA:202,0
DA:203,0
DA:207,0
DA:209,0
DA:210,0
DA:211,0
DA:212,0
DA:213,0
DA:214,0
DA:218,0
DA:219,0
DA:223,0
DA:226,0
DA:227,0
DA:231,0
DA:234,0
DA:237,0
DA:246,0
DA:247,0
DA:250,0
DA:253,0
DA:254,0
DA:259,0
DA:260,0
DA:261,0
DA:262,0
DA:263,0
DA:264,0
DA:265,0
DA:266,0
DA:267,0
DA:271,0
DA:272,0
DA:274,0
DA:275,0
DA:277,0
DA:278,0
DA:279,0
DA:281,0
DA:282,0
DA:283,0
DA:284,0
DA:285,0
DA:288,0
DA:289,0
DA:291,0
DA:293,0
DA:295,0
DA:299,0
DA:304,0
DA:306,0
DA:307,0
DA:308,0
DA:313,0
DA:314,0
DA:315,0
DA:316,0
DA:320,0
DA:324,0
DA:325,0
DA:326,0
DA:329,0
DA:330,0
DA:331,0
DA:333,0
DA:335,0
DA:337,0
DA:344,0
DA:351,0
DA:352,0
DA:358,0
DA:359,0
DA:361,0
DA:362,0
DA:364,0
DA:365,0
DA:366,0
DA:367,0
DA:369,0
DA:370,0
DA:376,0
DA:377,0
DA:378,0
DA:380,0
DA:381,0
DA:387,0
DA:388,0
DA:394,0
DA:395,0
DA:396,0
DA:397,0
DA:400,0
DA:401,0
DA:402,0
DA:405,0
DA:408,0
DA:411,0
DA:420,0
DA:422,0
DA:423,0
DA:426,0
DA:427,0
DA:430,0
DA:431,0
DA:433,0
DA:434,0
DA:435,0
DA:437,0
DA:438,0
DA:439,0
DA:441,0
DA:442,0
DA:443,0
DA:445,0
DA:446,0
DA:448,0
DA:449,0
DA:452,0
DA:454,0
DA:458,0
DA:462,0
DA:463,0
DA:464,0
DA:472,0
DA:473,0
DA:476,0
DA:477,0
DA:478,0
DA:479,0
DA:480,0
DA:481,0
DA:482,0
DA:483,0
DA:484,0
DA:487,0
DA:488,0
DA:489,0
DA:490,0
DA:491,0
DA:492,0
DA:498,0
DA:511,0
DA:512,0
DA:514,0
DA:517,0
DA:519,0
DA:520,0
DA:521,0
DA:525,0
DA:531,0
DA:537,0
DA:538,0
DA:540,0
DA:542,0
DA:544,0
DA:545,0
DA:547,0
DA:553,0
DA:562,0
DA:563,0
DA:564,0
DA:565,0
DA:568,0
DA:569,0
DA:570,0
DA:571,0
DA:572,0
DA:573,0
DA:574,0
DA:575,0
DA:576,0
DA:578,0
DA:579,0
DA:581,0
DA:584,0
DA:587,0
DA:588,0
DA:590,0
DA:591,0
DA:592,0
DA:593,0
DA:595,0
DA:596,0
DA:599,0
DA:603,0
DA:604,0
DA:610,0
DA:614,0
DA:623,0
DA:625,0
DA:627,0
DA:631,0
DA:632,0
DA:633,0
DA:636,0
DA:640,0
DA:643,0
DA:645,0
DA:648,0
DA:657,0
DA:659,0
DA:662,0
DA:665,0
DA:672,0
DA:684,0
DA:685,0
DA:686,0
DA:687,0
DA:689,0
DA:690,0
DA:692,0
DA:693,0
DA:695,0
DA:696,0
DA:698,0
DA:699,0
DA:701,0
DA:702,0
DA:703,0
DA:704,0
DA:709,0
DA:711,0
DA:712,0
DA:713,0
DA:714,0
DA:715,0
DA:720,0
DA:721,0
DA:722,0
DA:726,0
DA:729,0
DA:730,0
DA:732,0
DA:733,0
DA:734,0
DA:735,0
DA:736,0
DA:737,0
DA:741,0
DA:742,0
DA:744,0
DA:745,0
DA:748,0
DA:749,0
DA:750,0
DA:751,0
DA:752,0
DA:753,0
DA:756,0
DA:757,0
DA:758,0
DA:759,0
DA:760,0
DA:763,0
DA:764,0
DA:766,0
DA:777,0
DA:786,0
DA:787,0
DA:788,0
DA:789,0
DA:798,0
DA:799,0
DA:804,0
DA:805,0
DA:806,0
DA:807,0
DA:808,0
DA:814,0
DA:819,0
DA:820,0
DA:821,0
DA:822,0
DA:828,0
DA:834,0
DA:835,0
DA:837,0
DA:838,0
DA:846,0
DA:847,0
DA:859,0
DA:862,0
DA:863,0
DA:867,0
DA:869,0
DA:872,0
DA:873,0
DA:874,0
DA:877,0
DA:878,0
DA:881,0
DA:882,0
DA:883,0
DA:891,0
DA:899,0
DA:900,0
DA:901,0
DA:905,0
DA:906,0
DA:907,0
DA:911,0
DA:912,0
DA:913,0
DA:914,0
DA:918,0
DA:921,0
DA:922,0
DA:927,0
DA:928,0
DA:932,0
DA:933,0
DA:935,0
DA:936,0
DA:938,0
DA:939,0
DA:942,0
DA:944,0
DA:945,0
DA:952,0
DA:956,0
DA:957,0
DA:958,0
DA:971,0
DA:972,0
DA:973,0
DA:974,0
DA:980,0
DA:987,0
DA:988,0
DA:989,0
DA:991,0
DA:992,0
DA:994,0
DA:995,0
DA:996,0
DA:997,0
DA:1001,0
DA:1004,0
DA:1005,0
DA:1006,0
DA:1007,0
DA:1008,0
DA:1009,0
DA:1010,0
DA:1014,0
DA:1015,0
DA:1016,0
DA:1017,0
DA:1019,0
DA:1023,0
DA:1024,0
DA:1025,0
DA:1027,0
DA:1028,0
DA:1029,0
DA:1030,0
DA:1032,0
DA:1033,0
DA:1035,0
DA:1038,0
DA:1039,0
DA:1040,0
DA:1041,0
DA:1042,0
DA:1051,0
DA:1057,0
DA:1066,0
DA:1071,0
DA:1073,0
DA:1083,0
DA:1085,0
DA:1088,0
DA:1090,0
DA:1091,0
DA:1097,0
DA:1099,0
DA:1103,0
DA:1107,0
DA:1109,0
DA:1110,0
DA:1111,0
DA:1115,0
DA:1121,0
DA:1125,0
DA:1126,0
DA:1127,0
DA:1131,0
DA:1134,0
DA:1135,0
DA:1136,0
DA:1138,0
DA:1141,0
DA:1144,0
DA:1148,0
DA:1149,0
DA:1153,0
DA:1156,0
DA:1157,0
DA:1158,0
DA:1163,0
DA:1168,0
DA:1169,0
DA:1171,0
DA:1172,0
DA:1173,0
DA:1174,0
DA:1177,0
DA:1180,0
DA:1181,0
DA:1182,0
DA:1186,0
DA:1189,0
DA:1190,0
DA:1192,0
DA:1193,0
DA:1199,0
DA:1205,0
DA:1208,0
DA:1209,0
DA:1210,0
DA:1211,0
DA:1212,0
DA:1213,0
DA:1216,0
DA:1217,0
DA:1219,0
DA:1221,0
DA:1224,0
DA:1225,0
DA:1226,0
DA:1234,0
DA:1239,0
DA:1240,0
DA:1242,0
DA:1243,0
DA:1244,0
DA:1245,0
DA:1248,0
DA:1251,0
DA:1252,0
DA:1254,0
DA:1257,0
DA:1260,0
DA:1263,0
DA:1264,0
DA:1265,0
DA:1268,0
DA:1269,0
DA:1270,0
DA:1274,0
DA:1277,0
DA:1278,0
DA:1282,0
DA:1285,0
DA:1286,0
DA:1287,0
DA:1288,0
DA:1294,0
DA:1300,0
DA:1301,0
DA:1303,0
DA:1308,0
DA:1309,0
DA:1310,0
DA:1314,0
DA:1315,0
DA:1317,0
DA:1321,0
DA:1322,0
DA:1323,0
DA:1328,0
DA:1330,0
DA:1331,0
DA:1333,0
DA:1335,0
DA:1340,0
DA:1342,0
DA:1345,0
DA:1346,0
DA:1347,0
DA:1350,0
DA:1355,0
DA:1362,0
DA:1363,0
DA:1366,0
DA:1369,0
DA:1370,0
DA:1371,0
DA:1372,0
DA:1376,0
DA:1378,0
DA:1382,0
DA:1386,0
DA:1390,0
DA:1391,0
DA:1392,0
DA:1395,0
DA:1397,0
DA:1401,0
DA:1404,0
DA:1405,0
DA:1406,0
DA:1410,0
DA:1412,0
DA:1419,0
DA:1420,0
DA:1422,0
DA:1423,0
DA:1424,0
DA:1425,0
DA:1426,0
DA:1427,0
DA:1428,0
DA:1429,0
DA:1430,0
DA:1432,0
DA:1433,0
DA:1434,0
DA:1435,0
DA:1438,0
DA:1441,0
DA:1443,0
DA:1446,0
DA:1448,0
DA:1450,0
DA:1452,0
DA:1453,0
DA:1459,0
DA:1460,0
DA:1463,0
DA:1465,0
DA:1467,0
DA:1470,0
DA:1471,0
DA:1472,0
DA:1473,0
DA:1479,0
DA:1480,0
DA:1482,0
DA:1483,0
DA:1484,0
DA:1486,0
DA:1487,0
DA:1488,0
DA:1489,0
DA:1494,0
DA:1495,0
DA:1496,0
DA:1498,0
DA:1499,0
DA:1500,0
DA:1501,0
DA:1504,0
DA:1506,0
DA:1513,0
DA:1515,0
DA:1517,0
DA:1520,0
DA:1522,0
DA:1523,0
DA:1524,0
DA:1530,0
DA:1531,0
DA:1540,0
DA:1542,0
DA:1544,0
DA:1546,0
DA:1549,0
DA:1550,0
DA:1551,0
DA:1555,0
DA:1557,0
DA:1559,0
DA:1561,0
DA:1563,0
DA:1564,0
DA:1565,0
DA:1570,0
DA:1574,0
DA:1575,0
DA:1577,0
DA:1578,0
DA:1579,0
DA:1585,0
DA:1587,0
DA:1589,0
DA:1592,0
DA:1593,0
DA:1595,0
DA:1596,0
DA:1598,0
DA:1600,0
DA:1601,0
DA:1602,0
DA:1605,0
DA:1610,0
DA:1611,0
DA:1616,0
DA:1618,0
DA:1619,0
DA:1620,0
DA:1622,0
DA:1623,0
DA:1628,0
DA:1629,0
DA:1630,0
DA:1635,0
DA:1638,0
DA:1639,0
DA:1640,0
DA:1643,0
DA:1645,0
DA:1647,0
DA:1650,0
DA:1652,0
DA:1653,0
DA:1655,0
DA:1662,0
DA:1665,0
DA:1674,0
DA:1676,0
DA:1678,0
DA:1682,0
DA:1692,0
DA:1694,0
DA:1695,0
DA:1697,0
DA:1704,0
DA:1706,0
DA:1708,0
DA:1711,0
DA:1713,0
DA:1715,0
DA:1716,0
DA:1718,0
DA:1720,0
DA:1721,0
DA:1722,0
DA:1725,0
DA:1730,0
DA:1731,0
DA:1734,0
DA:1735,0
DA:1737,0
DA:1739,0
DA:1743,0
DA:1745,0
DA:1746,0
DA:1748,0
DA:1750,0
DA:1753,0
DA:1754,0
DA:1755,0
DA:1757,0
DA:1758,0
DA:1760,0
DA:1764,0
DA:1771,0
DA:1773,0
DA:1775,0
DA:1781,0
DA:1782,0
DA:1785,0
DA:1791,0
DA:1792,0
DA:1794,0
DA:1797,0
DA:1799,0
DA:1801,0
DA:1804,0
DA:1805,0
DA:1807,0
DA:1808,0
DA:1813,0
DA:1814,0
DA:1816,0
DA:1818,0
DA:1820,0
DA:1821,0
DA:1822,0
DA:1824,0
DA:1826,0
DA:1831,0
DA:1832,0
DA:1834,0
DA:1842,0
DA:1845,0
DA:1856,0
DA:1863,0
DA:1865,0
DA:1867,0
DA:1871,0
DA:1873,0
DA:1885,0
DA:1893,0
DA:1894,0
DA:1897,0
DA:1898,0
DA:1904,0
DA:1907,0
DA:1910,0
DA:1911,0
DA:1912,0
DA:1914,0
DA:1916,0
DA:1918,0
DA:1919,0
DA:1922,0
DA:1924,0
DA:1926,0
DA:1930,0
DA:1931,0
DA:1934,0
DA:1939,0
DA:1945,0
DA:1947,0
DA:1949,0
DA:1952,0
DA:1953,0
DA:1954,0
DA:1955,0
DA:1962,0
DA:1969,0
DA:1970,0
DA:1972,0
DA:1974,0
DA:1976,0
DA:1980,0
DA:1983,0
DA:1984,0
DA:1986,0
DA:1988,0
DA:1992,0
DA:1993,0
DA:1994,0
DA:1996,0
DA:1998,0
DA:2001,0
DA:2004,0
DA:2005,0
DA:2006,0
DA:2007,0
DA:2011,0
DA:2012,0
DA:2014,0
DA:2016,0
DA:2019,0
DA:2021,0
DA:2023,0
DA:2024,0
DA:2025,0
DA:2030,0
DA:2031,0
DA:2033,0
DA:2037,0
DA:2038,0
DA:2039,0
DA:2048,0
DA:2049,0
DA:2052,0
DA:2057,0
DA:2059,0
DA:2060,0
DA:2071,0
DA:2073,0
DA:2075,0
DA:2080,0
DA:2081,0
DA:2083,0
DA:2090,0
DA:2093,0
DA:2102,0
DA:2103,0
DA:2106,0
DA:2112,0
DA:2113,0
DA:2116,0
DA:2119,0
DA:2122,0
DA:2123,0
DA:2124,0
DA:2126,0
LF:835
LH:0
end_of_record
SF:lib\features\repairs\services\repair_financial_truth_service.dart
DA:16,2
DA:34,0
DA:38,0
DA:40,2
DA:41,4
DA:42,0
DA:45,6
DA:47,1
DA:48,1
DA:49,1
DA:50,2
DA:54,2
DA:58,0
DA:59,2
DA:69,2
DA:71,10
DA:74,2
DA:78,0
DA:79,2
DA:90,2
DA:92,10
DA:95,2
DA:99,0
DA:100,2
DA:107,2
DA:109,10
DA:112,2
DA:116,0
DA:117,2
DA:121,2
DA:124,2
DA:125,0
DA:128,8
DA:129,2
DA:130,6
DA:131,6
DA:132,2
DA:133,2
DA:135,2
DA:148,1
DA:152,1
DA:156,1
DA:159,1
DA:161,4
DA:162,1
DA:163,1
DA:165,1
DA:168,1
DA:171,1
LF:49
LH:41
end_of_record
SF:lib\features\finance\services\monthly_expense_service.dart
DA:11,0
DA:12,0
DA:26,0
DA:27,0
DA:28,0
DA:30,0
DA:36,0
DA:37,0
DA:38,0
DA:41,0
DA:46,0
DA:47,0
DA:48,0
DA:51,0
DA:54,0
DA:55,0
DA:59,0
DA:60,0
DA:61,0
DA:62,0
DA:66,0
DA:67,0
DA:68,0
LF:23
LH:0
end_of_record
SF:lib\features\finance\services\work_cost_calculator.dart
DA:7,0
DA:8,0
DA:11,0
DA:13,0
DA:16,0
DA:17,0
DA:21,0
DA:22,0
DA:24,0
DA:25,0
LF:10
LH:0
end_of_record
SF:lib\features\repairs\models\repair_list_filter.dart
DA:11,0
DA:13,0
DA:15,0
DA:17,0
DA:24,1
DA:42,1
DA:43,3
DA:45,1
DA:46,1
DA:47,1
DA:48,1
DA:49,1
DA:50,1
DA:51,1
DA:52,1
DA:53,1
DA:54,4
DA:56,1
DA:57,1
DA:61,1
DA:62,1
DA:66,0
DA:69,4
DA:71,2
DA:72,4
DA:75,4
DA:77,1
DA:78,2
DA:79,2
DA:80,1
DA:83,2
DA:93,1
DA:94,3
DA:95,3
LF:34
LH:29
end_of_record
SF:lib\features\repairs\constants\repair_status.dart
DA:65,0
DA:66,0
DA:69,1
DA:71,2
DA:72,3
DA:78,1
DA:81,1
DA:83,1
DA:84,0
DA:87,2
DA:88,2
LF:11
LH:8
end_of_record
SF:lib\features\repairs\models\repair_intake_draft.dart
DA:2,1
LF:1
LH:1
end_of_record
SF:lib\features\repairs\services\repair_intake_service.dart
DA:18,0
DA:20,0
DA:21,0
DA:24,0
DA:26,0
DA:27,0
DA:36,1
DA:40,1
DA:42,2
DA:43,1
DA:44,0
DA:47,2
DA:48,1
DA:49,0
DA:52,2
DA:53,0
DA:55,4
DA:56,0
DA:61,3
DA:62,0
DA:64,1
DA:65,1
DA:68,3
DA:70,2
DA:73,1
DA:76,2
DA:77,2
DA:81,1
DA:82,3
DA:83,3
DA:84,1
DA:85,3
DA:86,3
DA:87,1
DA:89,1
DA:91,1
DA:94,2
DA:95,2
DA:99,5
DA:106,1
DA:107,1
DA:109,2
DA:111,2
DA:116,2
DA:117,1
DA:121,2
DA:125,1
DA:126,1
DA:127,2
DA:128,2
DA:134,2
DA:135,1
DA:137,1
DA:138,1
DA:147,1
DA:153,1
DA:154,1
LF:57
LH:46
end_of_record
SF:lib\core\services\events\app_event_bus.dart
DA:15,0
DA:24,0
DA:31,0
DA:36,0
DA:37,0
DA:40,0
DA:41,0
DA:42,0
DA:47,0
DA:50,0
DA:51,0
LF:11
LH:0
end_of_record
SF:lib\core\storage\yalla_storage_service.dart
DA:11,1
DA:24,1
DA:25,1
DA:26,2
DA:27,1
DA:28,1
DA:31,1
DA:33,0
DA:41,1
DA:42,1
DA:43,1
DA:46,1
DA:47,1
DA:48,1
DA:49,0
DA:52,2
DA:53,1
DA:54,1
DA:56,0
DA:58,1
DA:61,1
DA:62,1
DA:65,1
DA:82,0
DA:86,0
DA:88,0
DA:91,0
DA:92,0
DA:93,0
DA:94,0
DA:95,0
DA:96,0
DA:97,0
DA:99,0
DA:100,0
DA:103,0
DA:105,0
DA:109,0
DA:110,0
DA:117,0
DA:118,0
DA:119,0
DA:123,0
DA:124,0
DA:126,0
DA:127,0
DA:128,0
DA:129,0
DA:130,0
DA:133,0
DA:134,0
DA:135,0
DA:139,0
DA:141,0
DA:142,0
DA:148,1
DA:154,1
DA:155,0
DA:163,1
DA:165,1
DA:173,1
DA:174,1
DA:175,1
DA:176,1
DA:177,1
DA:181,0
DA:189,0
DA:191,0
DA:193,0
DA:194,0
DA:205,0
DA:213,0
DA:214,0
DA:215,0
DA:217,0
DA:218,0
DA:219,0
DA:220,0
DA:230,0
DA:239,0
DA:243,0
DA:244,0
DA:245,0
DA:246,0
DA:247,0
DA:248,0
DA:249,0
DA:251,0
DA:252,0
DA:253,0
DA:254,0
DA:255,0
DA:256,0
DA:257,0
DA:258,0
DA:260,0
DA:261,0
DA:262,0
DA:265,0
DA:269,0
DA:270,0
DA:271,0
DA:272,0
DA:273,0
DA:274,0
DA:275,0
DA:276,0
DA:277,0
DA:280,0
DA:286,0
DA:287,0
DA:288,0
DA:291,0
DA:292,0
DA:294,0
DA:295,0
DA:299,0
DA:302,0
DA:303,0
DA:304,0
DA:305,0
DA:309,0
DA:310,0
DA:311,0
DA:312,0
DA:317,0
DA:318,0
DA:319,0
DA:321,0
DA:322,0
DA:324,0
DA:325,0
DA:328,0
DA:330,0
DA:331,0
DA:336,0
DA:337,0
DA:338,0
DA:340,0
DA:341,0
DA:345,0
DA:346,0
DA:347,0
DA:348,0
DA:349,0
DA:354,0
DA:355,0
DA:356,0
DA:359,0
DA:360,0
DA:361,0
DA:362,0
DA:363,0
DA:364,0
DA:365,0
DA:366,0
DA:374,0
DA:375,0
DA:376,0
DA:379,0
DA:380,0
DA:381,0
DA:386,0
DA:387,0
DA:388,0
DA:389,0
DA:390,0
DA:391,0
DA:393,0
DA:394,0
DA:398,0
DA:399,0
LF:172
LH:29
end_of_record
SF:lib\features\repairs\services\repairs_service.dart
DA:30,0
DA:32,0
DA:33,0
DA:34,0
DA:38,0
DA:40,0
DA:42,0
DA:45,0
DA:48,0
DA:50,0
DA:54,0
DA:58,0
DA:60,0
DA:67,0
DA:69,0
DA:74,0
DA:79,0
DA:80,0
DA:82,0
DA:83,0
DA:84,0
DA:87,0
DA:89,0
DA:90,0
DA:92,0
DA:97,0
DA:102,0
DA:103,0
DA:105,0
DA:106,0
DA:108,0
DA:112,0
DA:116,0
DA:118,0
DA:119,0
DA:121,0
DA:130,0
DA:131,0
DA:136,0
DA:138,0
DA:140,0
DA:142,0
DA:144,0
DA:145,0
DA:147,0
DA:151,0
DA:162,0
DA:163,0
DA:165,0
DA:166,0
DA:167,0
DA:170,0
DA:171,0
DA:172,0
DA:175,0
DA:176,0
DA:177,0
DA:180,0
DA:181,0
DA:182,0
DA:186,0
DA:190,0
DA:191,0
DA:192,0
DA:200,0
DA:204,0
DA:205,0
DA:206,0
DA:208,0
DA:213,0
DA:215,0
DA:217,0
DA:218,0
DA:219,0
DA:220,0
DA:222,0
DA:223,0
DA:224,0
DA:225,0
DA:227,0
DA:234,0
DA:237,0
DA:238,0
DA:240,0
DA:242,0
DA:243,0
DA:244,0
DA:245,0
DA:246,0
DA:253,0
DA:254,0
DA:255,0
DA:256,0
DA:257,0
DA:264,0
DA:265,0
DA:274,0
DA:276,0
DA:280,0
DA:284,0
DA:286,0
DA:288,0
DA:289,0
DA:292,0
DA:299,0
DA:303,0
DA:304,0
DA:309,0
DA:311,0
DA:313,0
DA:316,0
DA:319,0
DA:321,0
DA:324,0
DA:326,0
DA:331,0
DA:332,0
DA:334,0
DA:336,0
DA:338,0
DA:343,0
DA:344,0
DA:345,0
DA:349,0
DA:350,0
DA:352,0
DA:353,0
DA:357,0
DA:362,0
DA:363,0
DA:365,0
DA:367,0
DA:368,0
DA:369,0
DA:370,0
DA:371,0
DA:374,0
DA:375,0
DA:379,0
DA:380,0
DA:381,0
DA:383,0
DA:385,0
DA:386,0
DA:387,0
DA:388,0
DA:389,0
DA:390,0
DA:391,0
DA:394,0
DA:395,0
DA:397,0
DA:402,0
DA:404,0
DA:405,0
DA:407,0
DA:409,0
DA:412,0
DA:414,0
DA:416,0
DA:418,0
DA:424,0
DA:426,0
DA:427,0
DA:431,0
DA:433,0
DA:434,0
DA:436,0
DA:437,0
DA:439,0
DA:442,0
DA:445,0
DA:451,0
DA:452,0
DA:454,0
DA:456,0
DA:460,0
DA:462,0
DA:464,0
DA:466,0
DA:469,0
DA:470,0
DA:471,0
DA:472,0
DA:476,0
DA:477,0
DA:482,0
DA:484,0
DA:485,0
DA:486,0
DA:487,0
DA:488,0
DA:496,0
DA:500,0
DA:502,0
DA:504,0
DA:509,0
DA:511,0
DA:512,0
DA:513,0
DA:516,0
DA:517,0
DA:518,0
DA:519,0
DA:520,0
DA:521,0
DA:523,0
DA:529,0
DA:530,0
DA:531,0
DA:532,0
DA:534,0
DA:535,0
DA:536,0
DA:537,0
DA:538,0
DA:539,0
DA:540,0
DA:541,0
DA:542,0
DA:543,0
DA:544,0
DA:545,0
DA:546,0
DA:547,0
DA:548,0
DA:553,0
DA:554,0
DA:556,0
DA:561,0
DA:562,0
DA:563,0
DA:564,0
DA:565,0
DA:566,0
DA:569,0
DA:570,0
DA:571,0
DA:574,0
DA:575,0
DA:576,0
DA:580,0
DA:581,0
DA:591,0
DA:604,0
DA:614,0
DA:615,0
DA:616,0
DA:617,0
DA:618,0
DA:619,0
DA:620,0
DA:621,0
LF:253
LH:0
end_of_record
SF:lib\features\repairs\services\repair_workflow_service.dart
DA:14,0
DA:91,0
DA:138,0
DA:139,0
DA:141,0
DA:144,0
DA:146,0
DA:147,0
DA:148,0
DA:149,0
DA:152,0
DA:153,0
DA:154,0
DA:155,0
DA:156,0
DA:157,0
DA:158,0
DA:159,0
DA:160,0
DA:161,0
DA:162,0
DA:163,0
DA:164,0
DA:165,0
DA:166,0
DA:167,0
DA:168,0
DA:169,0
DA:170,0
DA:171,0
DA:172,0
DA:173,0
DA:174,0
DA:175,0
DA:176,0
DA:177,0
DA:179,0
DA:180,0
DA:181,0
DA:182,0
DA:183,0
DA:184,0
DA:185,0
DA:186,0
DA:187,0
DA:188,0
DA:189,0
DA:190,0
DA:191,0
DA:192,0
DA:193,0
DA:194,0
DA:200,0
DA:202,0
DA:203,0
DA:204,0
DA:207,0
DA:208,0
DA:209,0
DA:210,0
DA:211,0
DA:214,0
DA:217,0
DA:218,0
DA:220,0
DA:223,0
DA:229,0
DA:230,0
DA:231,0
DA:232,0
DA:233,0
DA:234,0
DA:235,0
DA:236,0
DA:239,0
DA:240,0
DA:241,0
DA:242,0
DA:244,0
DA:245,0
DA:247,0
DA:249,0
DA:251,0
DA:259,0
DA:262,0
DA:267,0
DA:269,0
DA:271,0
DA:272,0
DA:275,0
DA:278,0
DA:279,0
DA:280,0
DA:284,0
DA:286,0
DA:288,0
DA:293,0
DA:294,0
DA:295,0
DA:296,0
DA:299,0
DA:300,0
DA:302,0
DA:305,0
DA:309,0
DA:314,0
DA:315,0
DA:316,0
DA:318,0
DA:319,0
DA:320,0
DA:323,0
DA:324,0
DA:326,0
DA:327,0
DA:338,0
DA:342,0
DA:343,0
DA:344,0
DA:346,0
DA:349,0
DA:350,0
DA:351,0
DA:356,0
DA:357,0
DA:358,0
DA:359,0
DA:361,0
DA:364,0
DA:372,0
DA:376,0
DA:377,0
DA:378,0
DA:380,0
DA:381,0
DA:384,0
DA:385,0
DA:386,0
DA:387,0
DA:392,0
DA:397,0
DA:398,0
DA:399,0
DA:400,0
DA:401,0
DA:402,0
DA:404,0
DA:405,0
DA:406,0
DA:409,0
DA:411,0
DA:412,0
DA:413,0
DA:417,0
DA:418,0
DA:422,0
DA:423,0
DA:424,0
DA:425,0
DA:427,0
DA:428,0
DA:430,0
DA:433,0
DA:434,0
DA:435,0
DA:436,0
DA:438,0
DA:441,0
DA:449,0
DA:450,0
DA:451,0
DA:457,0
DA:459,0
DA:460,0
DA:463,0
DA:464,0
DA:466,0
DA:479,0
DA:491,0
DA:493,0
DA:494,0
DA:495,0
DA:501,0
DA:502,0
DA:504,0
DA:510,0
DA:514,0
DA:518,0
DA:519,0
DA:520,0
DA:522,0
DA:523,0
DA:534,0
DA:535,0
DA:536,0
DA:537,0
DA:543,0
DA:544,0
DA:551,0
DA:558,0
DA:559,0
DA:560,0
DA:561,0
DA:563,0
DA:564,0
DA:566,0
DA:567,0
DA:568,0
DA:574,0
DA:575,0
DA:579,0
DA:580,0
DA:583,0
DA:585,0
DA:589,0
DA:594,0
DA:596,0
DA:597,0
DA:598,0
DA:599,0
DA:601,0
DA:602,0
DA:603,0
DA:604,0
DA:605,0
DA:608,0
DA:612,0
DA:615,0
DA:616,0
DA:617,0
DA:618,0
DA:621,0
DA:625,0
DA:626,0
DA:627,0
DA:631,0
DA:632,0
DA:634,0
DA:637,0
DA:639,0
DA:641,0
DA:643,0
DA:644,0
DA:647,0
DA:649,0
DA:651,0
DA:655,0
DA:658,0
DA:660,0
DA:664,0
DA:667,0
DA:670,0
DA:678,0
DA:679,0
DA:680,0
DA:684,0
DA:689,0
DA:693,0
DA:694,0
DA:696,0
DA:698,0
DA:699,0
DA:700,0
DA:701,0
DA:703,0
DA:704,0
DA:705,0
DA:706,0
DA:707,0
DA:709,0
DA:713,0
DA:716,0
DA:717,0
DA:718,0
DA:721,0
DA:723,0
DA:743,0
DA:746,0
DA:747,0
DA:750,0
DA:752,0
DA:754,0
DA:758,0
DA:761,0
DA:763,0
DA:773,0
DA:781,0
DA:782,0
DA:783,0
DA:787,0
DA:788,0
DA:793,0
DA:797,0
DA:800,0
DA:803,0
DA:804,0
DA:807,0
DA:818,0
DA:819,0
DA:820,0
DA:821,0
DA:822,0
DA:823,0
DA:824,0
DA:825,0
DA:826,0
DA:828,0
DA:830,0
DA:831,0
DA:832,0
DA:833,0
DA:836,0
DA:838,0
DA:839,0
DA:841,0
DA:843,0
DA:846,0
DA:850,0
DA:856,0
DA:857,0
DA:860,0
DA:866,0
DA:867,0
DA:868,0
DA:872,0
DA:873,0
DA:878,0
DA:888,0
DA:894,0
DA:895,0
DA:899,0
DA:906,0
DA:913,0
DA:914,0
DA:924,0
DA:929,0
DA:930,0
DA:934,0
DA:935,0
DA:936,0
DA:937,0
DA:938,0
DA:939,0
DA:941,0
DA:942,0
DA:943,0
DA:944,0
DA:947,0
DA:949,0
DA:950,0
DA:951,0
DA:955,0
DA:956,0
DA:960,0
DA:964,0
DA:965,0
DA:966,0
DA:971,0
DA:973,0
DA:981,0
DA:984,0
DA:985,0
DA:986,0
DA:988,0
DA:989,0
DA:991,0
DA:993,0
DA:999,0
DA:1000,0
DA:1003,0
DA:1005,0
DA:1009,0
DA:1010,0
DA:1018,0
DA:1019,0
DA:1020,0
DA:1021,0
DA:1022,0
DA:1023,0
DA:1024,0
DA:1025,0
DA:1026,0
DA:1029,0
DA:1030,0
DA:1031,0
DA:1032,0
DA:1033,0
DA:1034,0
DA:1035,0
DA:1036,0
DA:1037,0
DA:1040,0
DA:1041,0
DA:1042,0
LF:394
LH:0
end_of_record
SF:lib\features\account_statements\customers\services\customer_account_statement_service.dart
DA:5,1
DA:29,1
DA:45,0
DA:47,1
DA:48,2
DA:49,0
DA:52,1
DA:53,2
DA:54,0
DA:57,1
DA:63,0
DA:64,1
DA:68,1
DA:71,1
DA:73,3
DA:75,0
DA:78,0
DA:82,0
DA:97,0
DA:98,0
DA:101,1
DA:105,1
DA:107,0
DA:108,0
DA:111,0
DA:112,0
DA:115,1
DA:132,1
DA:134,1
DA:137,1
DA:138,2
DA:139,2
DA:140,2
DA:141,4
DA:142,2
DA:143,3
DA:144,3
DA:145,1
DA:146,2
DA:147,2
DA:149,3
DA:152,1
DA:156,2
DA:160,1
DA:163,2
DA:164,2
DA:169,1
DA:170,1
DA:171,2
DA:173,2
DA:175,1
DA:176,1
DA:177,0
DA:178,0
DA:179,0
LF:55
LH:39
end_of_record
SF:lib\features\finance\services\collection_service.dart
DA:7,1
DA:23,0
DA:24,1
DA:25,6
DA:27,1
DA:28,4
DA:32,0
DA:52,1
DA:70,0
DA:72,1
DA:73,2
DA:74,0
DA:77,1
DA:78,2
DA:79,0
DA:82,1
DA:83,4
DA:85,1
DA:86,0
DA:88,1
DA:89,1
DA:90,1
DA:99,1
DA:108,1
DA:112,1
DA:113,1
DA:115,1
DA:119,1
DA:122,1
DA:124,4
DA:128,1
DA:137,1
DA:139,1
DA:140,1
DA:141,3
DA:142,0
DA:143,0
DA:144,2
DA:146,1
DA:148,1
DA:150,1
DA:152,2
DA:159,1
DA:165,1
DA:166,1
DA:167,1
DA:169,1
DA:171,2
DA:174,2
DA:180,1
DA:183,1
DA:184,1
DA:186,1
DA:215,1
DA:216,2
DA:217,2
DA:218,1
DA:219,1
DA:220,1
DA:221,3
DA:222,3
DA:223,3
DA:224,4
DA:225,1
DA:226,1
DA:228,2
DA:229,2
DA:230,1
DA:231,2
DA:236,1
DA:240,0
DA:244,0
DA:245,0
DA:246,0
DA:247,0
DA:249,0
DA:277,0
DA:278,0
DA:282,0
DA:283,0
DA:284,0
DA:285,0
DA:286,0
DA:287,0
DA:291,0
DA:300,0
DA:302,0
DA:307,0
DA:309,0
DA:314,1
DA:317,1
DA:318,2
DA:319,1
DA:321,3
DA:322,1
DA:323,1
DA:324,2
DA:325,2
DA:327,4
DA:328,1
DA:331,0
DA:332,0
DA:333,0
DA:334,0
DA:335,0
DA:341,1
DA:347,2
DA:348,2
DA:349,3
DA:351,2
DA:352,3
DA:353,2
DA:354,2
DA:355,1
DA:356,0
DA:357,1
DA:359,1
DA:363,1
DA:370,2
DA:372,2
DA:373,2
DA:374,2
DA:375,1
DA:377,3
DA:382,2
DA:383,1
DA:384,5
DA:385,1
DA:386,3
LF:129
LH:96
end_of_record
SF:lib\features\repairs\services\repair_cost_service.dart
DA:13,0
DA:29,0
DA:31,0
DA:33,0
DA:35,0
DA:37,0
DA:39,0
DA:46,0
DA:47,0
DA:48,0
DA:49,0
DA:50,0
DA:56,1
DA:94,0
DA:95,3
DA:97,4
DA:99,1
DA:100,3
DA:101,2
DA:102,1
DA:103,2
DA:104,2
DA:105,2
DA:106,2
DA:107,2
DA:108,2
DA:109,2
DA:110,2
DA:111,2
DA:112,2
DA:113,1
DA:114,1
DA:115,1
DA:116,1
DA:117,3
DA:118,1
DA:119,1
DA:125,1
DA:147,0
DA:151,1
DA:171,0
DA:172,0
DA:183,0
DA:188,1
DA:189,2
DA:190,0
DA:193,3
DA:195,1
DA:196,1
DA:221,1
DA:225,1
DA:229,1
DA:235,1
DA:239,1
DA:243,1
DA:246,1
DA:249,1
DA:254,0
DA:255,1
DA:256,1
DA:259,1
DA:262,2
DA:265,1
DA:269,0
DA:270,1
DA:271,1
DA:275,1
DA:276,1
DA:277,2
DA:281,2
DA:282,2
DA:283,2
DA:284,6
DA:286,1
DA:287,1
DA:288,2
DA:289,2
DA:291,5
DA:292,1
DA:299,4
DA:304,1
DA:318,1
DA:319,1
DA:320,0
DA:322,1
DA:323,1
DA:324,1
DA:325,0
DA:328,1
DA:331,4
DA:332,0
DA:334,3
DA:335,1
DA:336,0
DA:338,0
DA:339,1
DA:340,2
DA:342,1
DA:343,1
DA:344,1
DA:345,2
DA:357,1
DA:365,1
DA:367,0
DA:369,1
DA:371,0
DA:372,0
DA:376,1
DA:391,1
DA:394,0
DA:395,1
DA:396,1
DA:420,1
DA:421,2
DA:422,2
DA:423,2
DA:424,3
DA:425,1
DA:426,2
DA:427,2
DA:428,2
DA:429,2
DA:430,2
DA:432,3
DA:433,1
DA:434,1
DA:435,1
DA:436,3
DA:442,1
DA:453,1
DA:454,1
DA:455,1
DA:456,0
DA:458,1
DA:459,1
DA:460,2
DA:461,0
DA:463,0
DA:464,1
DA:465,2
DA:467,1
DA:468,1
DA:469,1
DA:470,1
DA:482,1
DA:483,1
DA:485,1
DA:489,1
DA:490,3
DA:492,4
DA:493,1
DA:494,3
DA:495,2
DA:496,1
DA:497,3
DA:500,4
DA:501,2
DA:502,2
DA:503,0
DA:506,2
DA:510,3
DA:516,3
DA:518,1
DA:526,1
DA:528,0
DA:530,1
DA:532,0
DA:533,0
DA:537,1
DA:549,1
DA:556,1
DA:557,1
DA:558,1
DA:559,0
DA:562,0
DA:563,0
DA:569,1
DA:570,1
DA:571,1
DA:575,1
DA:578,1
DA:579,4
DA:580,0
DA:582,3
DA:583,3
DA:584,3
DA:585,1
DA:587,1
DA:590,2
DA:594,1
DA:599,1
DA:601,0
DA:603,1
DA:605,0
DA:606,0
DA:610,1
DA:616,1
DA:621,1
DA:622,0
DA:623,0
LF:200
LH:155
end_of_record
SF:lib\core\utils\public_text_sanitizer.dart
DA:2,0
DA:7,1
DA:8,1
DA:9,1
DA:12,3
DA:14,4
DA:15,3
DA:16,1
DA:17,1
DA:20,0
DA:21,0
DA:22,0
LF:12
LH:8
end_of_record
SF:lib\core\services\yalla_backup_codec.dart
DA:18,0
DA:27,1
DA:32,3
DA:33,0
DA:35,1
DA:36,1
DA:37,1
DA:39,1
DA:40,1
DA:42,2
DA:43,1
DA:44,2
DA:45,2
DA:48,1
DA:49,1
DA:50,1
DA:51,1
DA:56,3
DA:57,1
DA:58,4
DA:59,2
DA:60,3
DA:62,1
DA:64,1
DA:65,1
DA:69,1
DA:74,1
DA:75,1
DA:77,2
DA:78,1
DA:79,0
DA:81,1
DA:82,2
DA:83,2
DA:84,2
DA:85,0
DA:87,1
DA:88,1
DA:89,1
DA:91,2
DA:92,2
DA:93,2
DA:94,0
DA:96,1
DA:97,2
DA:98,3
DA:99,0
DA:101,1
DA:102,1
DA:104,1
DA:105,2
DA:108,2
DA:109,0
DA:111,1
DA:112,1
DA:113,1
DA:118,1
DA:120,1
DA:121,1
DA:125,1
DA:130,1
DA:131,1
DA:135,1
DA:136,2
DA:141,1
DA:142,1
DA:143,1
DA:144,3
DA:148,1
DA:149,2
DA:150,2
DA:153,1
DA:154,3
DA:156,1
DA:157,1
DA:158,2
DA:159,0
DA:161,1
LF:78
LH:70
end_of_record
SF:lib\shared\widgets\adaptive_layout.dart
DA:17,0
DA:18,0
DA:19,0
DA:20,0
DA:21,0
DA:22,0
DA:24,0
DA:25,0
DA:26,0
DA:30,0
DA:31,0
DA:32,0
DA:33,0
DA:34,0
DA:45,1
DA:66,1
DA:67,5
DA:69,1
DA:70,2
DA:71,1
DA:72,1
DA:73,3
DA:74,3
DA:75,1
DA:80,0
DA:82,0
DA:83,0
DA:84,0
DA:85,0
DA:86,0
DA:87,0
DA:91,2
DA:92,1
DA:93,1
DA:94,1
DA:95,1
DA:96,1
DA:97,1
DA:98,1
DA:101,1
DA:105,2
DA:107,1
DA:108,1
DA:109,1
DA:110,1
DA:111,0
DA:113,4
DA:116,4
DA:117,2
DA:118,0
DA:121,0
DA:124,1
DA:134,1
DA:135,0
DA:136,0
DA:140,0
DA:144,1
DA:154,1
DA:179,0
DA:180,0
DA:181,0
DA:182,0
DA:183,0
DA:184,0
DA:185,0
DA:186,0
DA:187,0
DA:188,0
DA:189,0
DA:192,1
DA:193,1
DA:194,1
DA:195,2
DA:196,1
DA:198,0
DA:201,1
DA:202,2
DA:203,0
DA:206,0
DA:208,0
DA:209,0
DA:219,1
DA:220,1
DA:221,4
DA:222,2
DA:223,5
DA:224,0
DA:225,2
DA:227,1
DA:230,1
DA:231,1
DA:233,0
DA:234,1
DA:236,1
DA:237,2
DA:238,2
DA:239,1
DA:240,1
DA:241,2
DA:243,1
DA:245,1
DA:246,1
DA:248,1
DA:249,3
DA:252,3
DA:259,2
DA:272,1
DA:274,1
DA:275,1
DA:276,1
DA:277,1
DA:278,0
DA:281,2
DA:284,0
DA:285,0
DA:288,0
DA:289,0
DA:290,0
DA:295,0
DA:304,0
DA:317,0
DA:319,0
DA:320,0
DA:321,0
DA:324,0
DA:325,0
DA:326,0
DA:327,0
DA:328,0
DA:329,0
DA:331,0
DA:332,0
DA:336,0
DA:339,0
DA:340,0
DA:341,0
DA:351,1
DA:366,1
DA:368,1
DA:369,1
DA:370,2
DA:372,0
DA:374,0
DA:377,1
DA:378,1
DA:383,1
DA:384,1
DA:386,1
DA:387,1
DA:391,1
DA:393,1
DA:394,1
DA:395,1
LF:153
LH:82
end_of_record
